Fatal error: cannot open file 'ensemGen.R': No such file or directory
Loading required package: ncdf4
Loading required package: raster
Loading required package: methods
Loading required package: sp
Loading required package: Hmisc
Loading required package: lattice
Loading required package: survival
Loading required package: Formula
Loading required package: ggplot2

Attaching package: ‘Hmisc’

The following objects are masked from ‘package:raster’:

    mask, zoom

The following objects are masked from ‘package:base’:

    format.pval, round.POSIXt, trunc.POSIXt, units

Loading required package: raster
Loading required package: methods
Loading required package: sp
Loading required package: ncdf4
Loading required package: Hmisc
Loading required package: lattice
Loading required package: survival
Loading required package: Formula
Loading required package: ggplot2

Attaching package: ‘Hmisc’

The following objects are masked from ‘package:raster’:

    mask, zoom

The following objects are masked from ‘package:base’:

    format.pval, round.POSIXt, trunc.POSIXt, units

There were 15 warnings (use warnings() to see them)
Loading required package: raster
Loading required package: methods
Loading required package: sp
rgdal: version: 1.2-7, (SVN revision 660)
 Geospatial Data Abstraction Library extensions to R successfully loaded
 Loaded GDAL runtime: GDAL 1.11.3, released 2015/09/16
 Path to GDAL shared files: /usr/share/gdal/1.11
 Loaded PROJ.4 runtime: Rel. 4.9.2, 08 September 2015, [PJ_VERSION: 492]
 Path to PROJ.4 shared files: (autodetected)
 Linking to sp version: 1.2-4 
Loading required package: gdata
gdata: read.xls support for 'XLS' (Excel 97-2004) files ENABLED.

gdata: read.xls support for 'XLSX' (Excel 2007+) files ENABLED.

Attaching package: ‘gdata’

The following object is masked from ‘package:stats’:

    nobs

The following object is masked from ‘package:utils’:

    object.size

The following object is masked from ‘package:base’:

    startsWith

Loading required package: raster
Loading required package: methods
Loading required package: sp
Loading required package: raster
Loading required package: methods
Loading required package: sp
Loading required package: raster
Loading required package: methods
Loading required package: sp
Loading required package: raster
Loading required package: methods
Loading required package: sp
Loading required package: raster
Loading required package: methods
Loading required package: sp
Loading required package: raster
Loading required package: methods
Loading required package: sp
Loading required package: MODIStsp
[Fri Sep  8 14:24:01 2017]Welcome to MODIStsp!

We will now search for a valid GDAL installation - please wait
(this will happen only once)
Scanning for GDAL installations...
Checking Sys.which...
GDAL version 2.2.1
GDAL version in use:1.11.3
[Fri Sep  8 14:24:04 2017] Retrieving list of files from NASA server
Error in curl::curl_fetch_memory(url, handle = handle) : 
  Timeout was reached
Trying to reach http server - attempt 1
[Fri Sep  8 14:24:23 2017] Retrieving Files for Year 2016
[Fri Sep  8 14:24:27 2017] Downloading Terra Files for date 2016_09_01 : 1 of 1
[Fri Sep  8 14:24:42 2017] 1 files for date of 2016.09.01 were successfully downloaded!
[Fri Sep  8 14:24:43 2017] Processing and Reprojecting Terra SC files for date: 2016_09_01
[Fri Sep  8 14:24:48 2017] Downloading Terra Files for date 2016_09_02 : 1 of 1
[Fri Sep  8 14:25:01 2017] 1 files for date of 2016.09.02 were successfully downloaded!
[Fri Sep  8 14:25:01 2017] Processing and Reprojecting Terra SC files for date: 2016_09_02
[Fri Sep  8 14:25:06 2017] Downloading Terra Files for date 2016_09_03 : 1 of 1
[Fri Sep  8 14:25:21 2017] 1 files for date of 2016.09.03 were successfully downloaded!
[Fri Sep  8 14:25:21 2017] Processing and Reprojecting Terra SC files for date: 2016_09_03
[Fri Sep  8 14:25:27 2017] Downloading Terra Files for date 2016_09_04 : 1 of 1
[Fri Sep  8 14:25:39 2017] 1 files for date of 2016.09.04 were successfully downloaded!
[Fri Sep  8 14:25:40 2017] Processing and Reprojecting Terra SC files for date: 2016_09_04
[Fri Sep  8 14:25:44 2017] Downloading Terra Files for date 2016_09_05 : 1 of 1
[Fri Sep  8 14:25:52 2017] 1 files for date of 2016.09.05 were successfully downloaded!
[Fri Sep  8 14:25:53 2017] Processing and Reprojecting Terra SC files for date: 2016_09_05
[Fri Sep  8 14:25:57 2017] Downloading Terra Files for date 2016_09_06 : 1 of 1
[Fri Sep  8 14:26:09 2017] 1 files for date of 2016.09.06 were successfully downloaded!
[Fri Sep  8 14:26:10 2017] Processing and Reprojecting Terra SC files for date: 2016_09_06
[Fri Sep  8 14:26:15 2017] Downloading Terra Files for date 2016_09_07 : 1 of 1
[Fri Sep  8 14:26:22 2017] 1 files for date of 2016.09.07 were successfully downloaded!
[Fri Sep  8 14:26:23 2017] Processing and Reprojecting Terra SC files for date: 2016_09_07
[Fri Sep  8 14:26:28 2017] Downloading Terra Files for date 2016_09_08 : 1 of 1
[Fri Sep  8 14:26:42 2017] 1 files for date of 2016.09.08 were successfully downloaded!
[Fri Sep  8 14:26:43 2017] Processing and Reprojecting Terra SC files for date: 2016_09_08
[Fri Sep  8 14:26:47 2017] Downloading Terra Files for date 2016_09_09 : 1 of 1
[Fri Sep  8 14:27:00 2017] 1 files for date of 2016.09.09 were successfully downloaded!
[Fri Sep  8 14:27:01 2017] Processing and Reprojecting Terra SC files for date: 2016_09_09
[Fri Sep  8 14:27:06 2017] Downloading Terra Files for date 2016_09_10 : 1 of 1
[Fri Sep  8 14:27:18 2017] 1 files for date of 2016.09.10 were successfully downloaded!
[Fri Sep  8 14:27:19 2017] Processing and Reprojecting Terra SC files for date: 2016_09_10
[Fri Sep  8 14:27:23 2017] Downloading Terra Files for date 2016_09_11 : 1 of 1
[Fri Sep  8 14:27:36 2017] 1 files for date of 2016.09.11 were successfully downloaded!
[Fri Sep  8 14:27:36 2017] Processing and Reprojecting Terra SC files for date: 2016_09_11
[Fri Sep  8 14:27:41 2017] Downloading Terra Files for date 2016_09_12 : 1 of 1
[Fri Sep  8 14:27:45 2017] 1 files for date of 2016.09.12 were successfully downloaded!
[Fri Sep  8 14:27:46 2017] Processing and Reprojecting Terra SC files for date: 2016_09_12
[Fri Sep  8 14:27:50 2017] Downloading Terra Files for date 2016_09_13 : 1 of 1
[Fri Sep  8 14:27:59 2017] 1 files for date of 2016.09.13 were successfully downloaded!
[Fri Sep  8 14:28:00 2017] Processing and Reprojecting Terra SC files for date: 2016_09_13
[Fri Sep  8 14:28:03 2017] Downloading Terra Files for date 2016_09_14 : 1 of 1
[Fri Sep  8 14:28:09 2017] 1 files for date of 2016.09.14 were successfully downloaded!
[Fri Sep  8 14:28:10 2017] Processing and Reprojecting Terra SC files for date: 2016_09_14
[Fri Sep  8 14:28:15 2017] Downloading Terra Files for date 2016_09_15 : 1 of 1
[Fri Sep  8 14:28:30 2017] 1 files for date of 2016.09.15 were successfully downloaded!
[Fri Sep  8 14:28:30 2017] Processing and Reprojecting Terra SC files for date: 2016_09_15
[Fri Sep  8 14:28:35 2017] Downloading Terra Files for date 2016_09_16 : 1 of 1
[Fri Sep  8 14:28:48 2017] 1 files for date of 2016.09.16 were successfully downloaded!
[Fri Sep  8 14:28:49 2017] Processing and Reprojecting Terra SC files for date: 2016_09_16
[Fri Sep  8 14:28:55 2017] Downloading Terra Files for date 2016_09_17 : 1 of 1
[Fri Sep  8 14:29:00 2017] 1 files for date of 2016.09.17 were successfully downloaded!
[Fri Sep  8 14:29:01 2017] Processing and Reprojecting Terra SC files for date: 2016_09_17
[Fri Sep  8 14:29:06 2017] Downloading Terra Files for date 2016_09_18 : 1 of 1
[Fri Sep  8 14:29:22 2017] 1 files for date of 2016.09.18 were successfully downloaded!
[Fri Sep  8 14:29:22 2017] Processing and Reprojecting Terra SC files for date: 2016_09_18
[Fri Sep  8 14:29:27 2017] Downloading Terra Files for date 2016_09_19 : 1 of 1
[Fri Sep  8 14:29:39 2017] 1 files for date of 2016.09.19 were successfully downloaded!
[Fri Sep  8 14:29:40 2017] Processing and Reprojecting Terra SC files for date: 2016_09_19
[Fri Sep  8 14:29:44 2017] Downloading Terra Files for date 2016_09_20 : 1 of 1
[Fri Sep  8 14:30:01 2017] 1 files for date of 2016.09.20 were successfully downloaded!
[Fri Sep  8 14:30:02 2017] Processing and Reprojecting Terra SC files for date: 2016_09_20
[Fri Sep  8 14:30:08 2017] Downloading Terra Files for date 2016_09_21 : 1 of 1
[Fri Sep  8 14:30:21 2017] 1 files for date of 2016.09.21 were successfully downloaded!
[Fri Sep  8 14:30:22 2017] Processing and Reprojecting Terra SC files for date: 2016_09_21
[Fri Sep  8 14:30:26 2017] Downloading Terra Files for date 2016_09_22 : 1 of 1
[Fri Sep  8 14:30:42 2017] 1 files for date of 2016.09.22 were successfully downloaded!
[Fri Sep  8 14:30:43 2017] Processing and Reprojecting Terra SC files for date: 2016_09_22
[Fri Sep  8 14:30:48 2017] Downloading Terra Files for date 2016_09_23 : 1 of 1
[Fri Sep  8 14:30:52 2017] 1 files for date of 2016.09.23 were successfully downloaded!
[Fri Sep  8 14:30:53 2017] Processing and Reprojecting Terra SC files for date: 2016_09_23
[Fri Sep  8 14:30:59 2017] Downloading Terra Files for date 2016_09_24 : 1 of 1
[Fri Sep  8 14:31:13 2017] 1 files for date of 2016.09.24 were successfully downloaded!
[Fri Sep  8 14:31:14 2017] Processing and Reprojecting Terra SC files for date: 2016_09_24
[Fri Sep  8 14:31:18 2017] Downloading Terra Files for date 2016_09_25 : 1 of 1
[Fri Sep  8 14:31:32 2017] 1 files for date of 2016.09.25 were successfully downloaded!
[Fri Sep  8 14:31:32 2017] Processing and Reprojecting Terra SC files for date: 2016_09_25
[Fri Sep  8 14:31:37 2017] Downloading Terra Files for date 2016_09_26 : 1 of 1
[Fri Sep  8 14:31:50 2017] 1 files for date of 2016.09.26 were successfully downloaded!
[Fri Sep  8 14:31:51 2017] Processing and Reprojecting Terra SC files for date: 2016_09_26
[Fri Sep  8 14:31:54 2017] Downloading Terra Files for date 2016_09_27 : 1 of 1
[Fri Sep  8 14:32:11 2017] 1 files for date of 2016.09.27 were successfully downloaded!
[Fri Sep  8 14:32:11 2017] Processing and Reprojecting Terra SC files for date: 2016_09_27
[Fri Sep  8 14:32:15 2017] Downloading Terra Files for date 2016_09_28 : 1 of 1
[Fri Sep  8 14:32:28 2017] 1 files for date of 2016.09.28 were successfully downloaded!
[Fri Sep  8 14:32:28 2017] Processing and Reprojecting Terra SC files for date: 2016_09_28
[Fri Sep  8 14:32:33 2017] Downloading Terra Files for date 2016_09_29 : 1 of 1
[Fri Sep  8 14:32:45 2017] 1 files for date of 2016.09.29 were successfully downloaded!
[Fri Sep  8 14:32:45 2017] Processing and Reprojecting Terra SC files for date: 2016_09_29
[Fri Sep  8 14:32:50 2017] Downloading Terra Files for date 2016_09_30 : 1 of 1
[Fri Sep  8 14:33:06 2017] 1 files for date of 2016.09.30 were successfully downloaded!
[Fri Sep  8 14:33:06 2017] Processing and Reprojecting Terra SC files for date: 2016_09_30
[Fri Sep  8 14:33:11 2017] Downloading Terra Files for date 2016_10_01 : 1 of 1
[Fri Sep  8 14:33:22 2017] 1 files for date of 2016.10.01 were successfully downloaded!
[Fri Sep  8 14:33:23 2017] Processing and Reprojecting Terra SC files for date: 2016_10_01
[Fri Sep  8 14:33:27 2017] Downloading Terra Files for date 2016_10_02 : 1 of 1
[Fri Sep  8 14:33:42 2017] 1 files for date of 2016.10.02 were successfully downloaded!
[Fri Sep  8 14:33:43 2017] Processing and Reprojecting Terra SC files for date: 2016_10_02
[Fri Sep  8 14:33:47 2017] Downloading Terra Files for date 2016_10_03 : 1 of 1
[Fri Sep  8 14:34:05 2017] 1 files for date of 2016.10.03 were successfully downloaded!
[Fri Sep  8 14:34:05 2017] Processing and Reprojecting Terra SC files for date: 2016_10_03
[Fri Sep  8 14:34:11 2017] Downloading Terra Files for date 2016_10_04 : 1 of 1
[Fri Sep  8 14:34:25 2017] 1 files for date of 2016.10.04 were successfully downloaded!
[Fri Sep  8 14:34:26 2017] Processing and Reprojecting Terra SC files for date: 2016_10_04
[Fri Sep  8 14:34:30 2017] Downloading Terra Files for date 2016_10_05 : 1 of 1
[Fri Sep  8 14:34:43 2017] 1 files for date of 2016.10.05 were successfully downloaded!
[Fri Sep  8 14:34:44 2017] Processing and Reprojecting Terra SC files for date: 2016_10_05
[Fri Sep  8 14:34:48 2017] Downloading Terra Files for date 2016_10_06 : 1 of 1
[Fri Sep  8 14:35:04 2017] 1 files for date of 2016.10.06 were successfully downloaded!
[Fri Sep  8 14:35:04 2017] Processing and Reprojecting Terra SC files for date: 2016_10_06
[Fri Sep  8 14:35:09 2017] Downloading Terra Files for date 2016_10_07 : 1 of 1
[Fri Sep  8 14:35:20 2017] 1 files for date of 2016.10.07 were successfully downloaded!
[Fri Sep  8 14:35:20 2017] Processing and Reprojecting Terra SC files for date: 2016_10_07
[Fri Sep  8 14:35:25 2017] Downloading Terra Files for date 2016_10_08 : 1 of 1
[Fri Sep  8 14:35:37 2017] 1 files for date of 2016.10.08 were successfully downloaded!
[Fri Sep  8 14:35:37 2017] Processing and Reprojecting Terra SC files for date: 2016_10_08
[Fri Sep  8 14:35:42 2017] Downloading Terra Files for date 2016_10_09 : 1 of 1
[Fri Sep  8 14:35:59 2017] 1 files for date of 2016.10.09 were successfully downloaded!
[Fri Sep  8 14:36:00 2017] Processing and Reprojecting Terra SC files for date: 2016_10_09
[Fri Sep  8 14:36:04 2017] Downloading Terra Files for date 2016_10_10 : 1 of 1
[Fri Sep  8 14:36:17 2017] 1 files for date of 2016.10.10 were successfully downloaded!
[Fri Sep  8 14:36:17 2017] Processing and Reprojecting Terra SC files for date: 2016_10_10
[Fri Sep  8 14:36:23 2017] Downloading Terra Files for date 2016_10_11 : 1 of 1
[Fri Sep  8 14:36:40 2017] 1 files for date of 2016.10.11 were successfully downloaded!
[Fri Sep  8 14:36:40 2017] Processing and Reprojecting Terra SC files for date: 2016_10_11
[Fri Sep  8 14:36:45 2017] Downloading Terra Files for date 2016_10_12 : 1 of 1
[Fri Sep  8 14:36:58 2017] 1 files for date of 2016.10.12 were successfully downloaded!
[Fri Sep  8 14:36:59 2017] Processing and Reprojecting Terra SC files for date: 2016_10_12
[Fri Sep  8 14:37:04 2017] Downloading Terra Files for date 2016_10_13 : 1 of 1
[Fri Sep  8 14:37:16 2017] 1 files for date of 2016.10.13 were successfully downloaded!
[Fri Sep  8 14:37:17 2017] Processing and Reprojecting Terra SC files for date: 2016_10_13
[Fri Sep  8 14:37:21 2017] Downloading Terra Files for date 2016_10_14 : 1 of 1
[Fri Sep  8 14:37:36 2017] 1 files for date of 2016.10.14 were successfully downloaded!
[Fri Sep  8 14:37:37 2017] Processing and Reprojecting Terra SC files for date: 2016_10_14
[Fri Sep  8 14:37:41 2017] Downloading Terra Files for date 2016_10_15 : 1 of 1
[Fri Sep  8 14:37:56 2017] 1 files for date of 2016.10.15 were successfully downloaded!
[Fri Sep  8 14:37:56 2017] Processing and Reprojecting Terra SC files for date: 2016_10_15
[Fri Sep  8 14:38:01 2017] Downloading Terra Files for date 2016_10_16 : 1 of 1
[Fri Sep  8 14:38:14 2017] 1 files for date of 2016.10.16 were successfully downloaded!
[Fri Sep  8 14:38:14 2017] Processing and Reprojecting Terra SC files for date: 2016_10_16
[Fri Sep  8 14:38:19 2017] Downloading Terra Files for date 2016_10_17 : 1 of 1
[Fri Sep  8 14:38:31 2017] 1 files for date of 2016.10.17 were successfully downloaded!
[Fri Sep  8 14:38:32 2017] Processing and Reprojecting Terra SC files for date: 2016_10_17
[Fri Sep  8 14:38:36 2017] Downloading Terra Files for date 2016_10_18 : 1 of 1
[Fri Sep  8 14:38:51 2017] 1 files for date of 2016.10.18 were successfully downloaded!
[Fri Sep  8 14:38:52 2017] Processing and Reprojecting Terra SC files for date: 2016_10_18
[Fri Sep  8 14:38:58 2017] Downloading Terra Files for date 2016_10_19 : 1 of 1
[Fri Sep  8 14:39:12 2017] 1 files for date of 2016.10.19 were successfully downloaded!
[Fri Sep  8 14:39:13 2017] Processing and Reprojecting Terra SC files for date: 2016_10_19
[Fri Sep  8 14:39:18 2017] Downloading Terra Files for date 2016_10_20 : 1 of 1
[Fri Sep  8 14:39:31 2017] 1 files for date of 2016.10.20 were successfully downloaded!
[Fri Sep  8 14:39:31 2017] Processing and Reprojecting Terra SC files for date: 2016_10_20
[Fri Sep  8 14:39:36 2017] Downloading Terra Files for date 2016_10_21 : 1 of 1
[Fri Sep  8 14:39:50 2017] 1 files for date of 2016.10.21 were successfully downloaded!
[Fri Sep  8 14:39:50 2017] Processing and Reprojecting Terra SC files for date: 2016_10_21
[Fri Sep  8 14:39:54 2017] Downloading Terra Files for date 2016_10_22 : 1 of 1
[Fri Sep  8 14:40:15 2017] 1 files for date of 2016.10.22 were successfully downloaded!
[Fri Sep  8 14:40:16 2017] Processing and Reprojecting Terra SC files for date: 2016_10_22
[Fri Sep  8 14:40:23 2017] Downloading Terra Files for date 2016_10_23 : 1 of 1
[Fri Sep  8 14:40:36 2017] 1 files for date of 2016.10.23 were successfully downloaded!
[Fri Sep  8 14:40:36 2017] Processing and Reprojecting Terra SC files for date: 2016_10_23
[Fri Sep  8 14:40:41 2017] Downloading Terra Files for date 2016_10_24 : 1 of 1
[Fri Sep  8 14:40:53 2017] 1 files for date of 2016.10.24 were successfully downloaded!
[Fri Sep  8 14:40:54 2017] Processing and Reprojecting Terra SC files for date: 2016_10_24
[Fri Sep  8 14:40:59 2017] Downloading Terra Files for date 2016_10_25 : 1 of 1
[Fri Sep  8 14:41:13 2017] 1 files for date of 2016.10.25 were successfully downloaded!
[Fri Sep  8 14:41:13 2017] Processing and Reprojecting Terra SC files for date: 2016_10_25
[Fri Sep  8 14:41:18 2017] Downloading Terra Files for date 2016_10_26 : 1 of 1
[Fri Sep  8 14:41:30 2017] 1 files for date of 2016.10.26 were successfully downloaded!
[Fri Sep  8 14:41:31 2017] Processing and Reprojecting Terra SC files for date: 2016_10_26
[Fri Sep  8 14:41:36 2017] Downloading Terra Files for date 2016_10_27 : 1 of 1
[Fri Sep  8 14:41:55 2017] 1 files for date of 2016.10.27 were successfully downloaded!
[Fri Sep  8 14:41:56 2017] Processing and Reprojecting Terra SC files for date: 2016_10_27
[Fri Sep  8 14:42:00 2017] Downloading Terra Files for date 2016_10_28 : 1 of 1
[Fri Sep  8 14:42:13 2017] 1 files for date of 2016.10.28 were successfully downloaded!
[Fri Sep  8 14:42:14 2017] Processing and Reprojecting Terra SC files for date: 2016_10_28
[Fri Sep  8 14:42:18 2017] Downloading Terra Files for date 2016_10_29 : 1 of 1
[Fri Sep  8 14:42:33 2017] 1 files for date of 2016.10.29 were successfully downloaded!
[Fri Sep  8 14:42:34 2017] Processing and Reprojecting Terra SC files for date: 2016_10_29
[Fri Sep  8 14:42:38 2017] Downloading Terra Files for date 2016_10_30 : 1 of 1
[Fri Sep  8 14:42:51 2017] 1 files for date of 2016.10.30 were successfully downloaded!
[Fri Sep  8 14:42:52 2017] Processing and Reprojecting Terra SC files for date: 2016_10_30
[Fri Sep  8 14:42:56 2017] Downloading Terra Files for date 2016_10_31 : 1 of 1
[Fri Sep  8 14:43:10 2017] 1 files for date of 2016.10.31 were successfully downloaded!
[Fri Sep  8 14:43:12 2017] Processing and Reprojecting Terra SC files for date: 2016_10_31
[Fri Sep  8 14:43:19 2017] Downloading Terra Files for date 2016_11_01 : 1 of 1
[Fri Sep  8 14:43:23 2017] 1 files for date of 2016.11.01 were successfully downloaded!
[Fri Sep  8 14:43:24 2017] Processing and Reprojecting Terra SC files for date: 2016_11_01
[Fri Sep  8 14:43:28 2017] Downloading Terra Files for date 2016_11_02 : 1 of 1
[Fri Sep  8 14:43:31 2017] 1 files for date of 2016.11.02 were successfully downloaded!
[Fri Sep  8 14:43:32 2017] Processing and Reprojecting Terra SC files for date: 2016_11_02
[Fri Sep  8 14:43:35 2017] Downloading Terra Files for date 2016_11_03 : 1 of 1
[Fri Sep  8 14:43:40 2017] 1 files for date of 2016.11.03 were successfully downloaded!
[Fri Sep  8 14:43:40 2017] Processing and Reprojecting Terra SC files for date: 2016_11_03
[Fri Sep  8 14:43:44 2017] Downloading Terra Files for date 2016_11_04 : 1 of 1
[Fri Sep  8 14:43:48 2017] 1 files for date of 2016.11.04 were successfully downloaded!
[Fri Sep  8 14:43:49 2017] Processing and Reprojecting Terra SC files for date: 2016_11_04
[Fri Sep  8 14:43:53 2017] Downloading Terra Files for date 2016_11_05 : 1 of 1
[Fri Sep  8 14:43:57 2017] 1 files for date of 2016.11.05 were successfully downloaded!
[Fri Sep  8 14:43:58 2017] Processing and Reprojecting Terra SC files for date: 2016_11_05
[Fri Sep  8 14:44:05 2017] Downloading Terra Files for date 2016_11_06 : 1 of 1
[Fri Sep  8 14:44:10 2017] 1 files for date of 2016.11.06 were successfully downloaded!
[Fri Sep  8 14:44:11 2017] Processing and Reprojecting Terra SC files for date: 2016_11_06
[Fri Sep  8 14:44:16 2017] Downloading Terra Files for date 2016_11_07 : 1 of 1
[Fri Sep  8 14:44:21 2017] 1 files for date of 2016.11.07 were successfully downloaded!
[Fri Sep  8 14:44:21 2017] Processing and Reprojecting Terra SC files for date: 2016_11_07
[Fri Sep  8 14:44:24 2017] Downloading Terra Files for date 2016_11_08 : 1 of 1
[Fri Sep  8 14:44:31 2017] 1 files for date of 2016.11.08 were successfully downloaded!
[Fri Sep  8 14:44:31 2017] Processing and Reprojecting Terra SC files for date: 2016_11_08
[Fri Sep  8 14:44:35 2017] Downloading Terra Files for date 2016_11_09 : 1 of 1
[Fri Sep  8 14:44:39 2017] 1 files for date of 2016.11.09 were successfully downloaded!
[Fri Sep  8 14:44:39 2017] Processing and Reprojecting Terra SC files for date: 2016_11_09
[Fri Sep  8 14:44:43 2017] Downloading Terra Files for date 2016_11_10 : 1 of 1
[Fri Sep  8 14:44:50 2017] 1 files for date of 2016.11.10 were successfully downloaded!
[Fri Sep  8 14:44:51 2017] Processing and Reprojecting Terra SC files for date: 2016_11_10
[Fri Sep  8 14:44:56 2017] Downloading Terra Files for date 2016_11_11 : 1 of 1
[Fri Sep  8 14:45:00 2017] 1 files for date of 2016.11.11 were successfully downloaded!
[Fri Sep  8 14:45:01 2017] Processing and Reprojecting Terra SC files for date: 2016_11_11
[Fri Sep  8 14:45:05 2017] Downloading Terra Files for date 2016_11_12 : 1 of 1
[Fri Sep  8 14:45:18 2017] 1 files for date of 2016.11.12 were successfully downloaded!
[Fri Sep  8 14:45:18 2017] Processing and Reprojecting Terra SC files for date: 2016_11_12
[Fri Sep  8 14:45:23 2017] Downloading Terra Files for date 2016_11_13 : 1 of 1
[Fri Sep  8 14:45:36 2017] 1 files for date of 2016.11.13 were successfully downloaded!
[Fri Sep  8 14:45:36 2017] Processing and Reprojecting Terra SC files for date: 2016_11_13
[Fri Sep  8 14:45:40 2017] Downloading Terra Files for date 2016_11_14 : 1 of 1
[Fri Sep  8 14:45:58 2017] 1 files for date of 2016.11.14 were successfully downloaded!
[Fri Sep  8 14:45:59 2017] Processing and Reprojecting Terra SC files for date: 2016_11_14
[Fri Sep  8 14:46:03 2017] Downloading Terra Files for date 2016_11_15 : 1 of 1
[Fri Sep  8 14:46:17 2017] 1 files for date of 2016.11.15 were successfully downloaded!
[Fri Sep  8 14:46:18 2017] Processing and Reprojecting Terra SC files for date: 2016_11_15
[Fri Sep  8 14:46:22 2017] Downloading Terra Files for date 2016_11_16 : 1 of 1
[Fri Sep  8 14:46:34 2017] 1 files for date of 2016.11.16 were successfully downloaded!
[Fri Sep  8 14:46:35 2017] Processing and Reprojecting Terra SC files for date: 2016_11_16
[Fri Sep  8 14:46:39 2017] Downloading Terra Files for date 2016_11_17 : 1 of 1
[Fri Sep  8 14:46:53 2017] 1 files for date of 2016.11.17 were successfully downloaded!
[Fri Sep  8 14:46:54 2017] Processing and Reprojecting Terra SC files for date: 2016_11_17
[Fri Sep  8 14:46:58 2017] Downloading Terra Files for date 2016_11_18 : 1 of 1
[Fri Sep  8 14:47:05 2017] 1 files for date of 2016.11.18 were successfully downloaded!
[Fri Sep  8 14:47:06 2017] Processing and Reprojecting Terra SC files for date: 2016_11_18
[Fri Sep  8 14:47:10 2017] Downloading Terra Files for date 2016_11_19 : 1 of 1
[Fri Sep  8 14:47:27 2017] 1 files for date of 2016.11.19 were successfully downloaded!
[Fri Sep  8 14:47:28 2017] Processing and Reprojecting Terra SC files for date: 2016_11_19
[Fri Sep  8 14:47:32 2017] Downloading Terra Files for date 2016_11_20 : 1 of 1
[Fri Sep  8 14:47:49 2017] 1 files for date of 2016.11.20 were successfully downloaded!
[Fri Sep  8 14:47:50 2017] Processing and Reprojecting Terra SC files for date: 2016_11_20
[Fri Sep  8 14:47:55 2017] Downloading Terra Files for date 2016_11_21 : 1 of 1
[Fri Sep  8 14:48:07 2017] 1 files for date of 2016.11.21 were successfully downloaded!
[Fri Sep  8 14:48:08 2017] Processing and Reprojecting Terra SC files for date: 2016_11_21
[Fri Sep  8 14:48:12 2017] Downloading Terra Files for date 2016_11_22 : 1 of 1
[Fri Sep  8 14:48:18 2017] 1 files for date of 2016.11.22 were successfully downloaded!
[Fri Sep  8 14:48:18 2017] Processing and Reprojecting Terra SC files for date: 2016_11_22
[Fri Sep  8 14:48:24 2017] Downloading Terra Files for date 2016_11_23 : 1 of 1
[Fri Sep  8 14:48:40 2017] 1 files for date of 2016.11.23 were successfully downloaded!
[Fri Sep  8 14:48:40 2017] Processing and Reprojecting Terra SC files for date: 2016_11_23
[Fri Sep  8 14:48:45 2017] Downloading Terra Files for date 2016_11_24 : 1 of 1
[Fri Sep  8 14:48:51 2017] 1 files for date of 2016.11.24 were successfully downloaded!
[Fri Sep  8 14:48:52 2017] Processing and Reprojecting Terra SC files for date: 2016_11_24
[Fri Sep  8 14:48:57 2017] Downloading Terra Files for date 2016_11_25 : 1 of 1
[Fri Sep  8 14:49:16 2017] 1 files for date of 2016.11.25 were successfully downloaded!
[Fri Sep  8 14:49:17 2017] Processing and Reprojecting Terra SC files for date: 2016_11_25
[Fri Sep  8 14:49:23 2017] Downloading Terra Files for date 2016_11_26 : 1 of 1
[Fri Sep  8 14:49:36 2017] 1 files for date of 2016.11.26 were successfully downloaded!
[Fri Sep  8 14:49:36 2017] Processing and Reprojecting Terra SC files for date: 2016_11_26
[Fri Sep  8 14:49:41 2017] Downloading Terra Files for date 2016_11_27 : 1 of 1
[Fri Sep  8 14:49:57 2017] 1 files for date of 2016.11.27 were successfully downloaded!
[Fri Sep  8 14:49:57 2017] Processing and Reprojecting Terra SC files for date: 2016_11_27
[Fri Sep  8 14:50:01 2017] Downloading Terra Files for date 2016_11_28 : 1 of 1
[Fri Sep  8 14:50:16 2017] 1 files for date of 2016.11.28 were successfully downloaded!
[Fri Sep  8 14:50:17 2017] Processing and Reprojecting Terra SC files for date: 2016_11_28
[Fri Sep  8 14:50:21 2017] Downloading Terra Files for date 2016_11_29 : 1 of 1
[Fri Sep  8 14:50:36 2017] 1 files for date of 2016.11.29 were successfully downloaded!
[Fri Sep  8 14:50:36 2017] Processing and Reprojecting Terra SC files for date: 2016_11_29
[Fri Sep  8 14:50:42 2017] Downloading Terra Files for date 2016_11_30 : 1 of 1
[Fri Sep  8 14:50:56 2017] 1 files for date of 2016.11.30 were successfully downloaded!
[Fri Sep  8 14:50:57 2017] Processing and Reprojecting Terra SC files for date: 2016_11_30
[Fri Sep  8 14:51:02 2017] Downloading Terra Files for date 2016_12_01 : 1 of 1
[Fri Sep  8 14:51:15 2017] 1 files for date of 2016.12.01 were successfully downloaded!
[Fri Sep  8 14:51:15 2017] Processing and Reprojecting Terra SC files for date: 2016_12_01
[Fri Sep  8 14:51:20 2017] Downloading Terra Files for date 2016_12_02 : 1 of 1
[Fri Sep  8 14:51:33 2017] 1 files for date of 2016.12.02 were successfully downloaded!
[Fri Sep  8 14:51:34 2017] Processing and Reprojecting Terra SC files for date: 2016_12_02
[Fri Sep  8 14:51:38 2017] Downloading Terra Files for date 2016_12_03 : 1 of 1
[Fri Sep  8 14:51:53 2017] 1 files for date of 2016.12.03 were successfully downloaded!
[Fri Sep  8 14:51:54 2017] Processing and Reprojecting Terra SC files for date: 2016_12_03
[Fri Sep  8 14:51:58 2017] Downloading Terra Files for date 2016_12_04 : 1 of 1
[Fri Sep  8 14:52:12 2017] 1 files for date of 2016.12.04 were successfully downloaded!
[Fri Sep  8 14:52:13 2017] Processing and Reprojecting Terra SC files for date: 2016_12_04
[Fri Sep  8 14:52:18 2017] Downloading Terra Files for date 2016_12_05 : 1 of 1
[Fri Sep  8 14:52:34 2017] 1 files for date of 2016.12.05 were successfully downloaded!
[Fri Sep  8 14:52:34 2017] Processing and Reprojecting Terra SC files for date: 2016_12_05
[Fri Sep  8 14:52:39 2017] Downloading Terra Files for date 2016_12_06 : 1 of 1
[Fri Sep  8 14:52:52 2017] 1 files for date of 2016.12.06 were successfully downloaded!
[Fri Sep  8 14:52:53 2017] Processing and Reprojecting Terra SC files for date: 2016_12_06
[Fri Sep  8 14:52:59 2017] Downloading Terra Files for date 2016_12_07 : 1 of 1
[Fri Sep  8 14:53:15 2017] 1 files for date of 2016.12.07 were successfully downloaded!
[Fri Sep  8 14:53:15 2017] Processing and Reprojecting Terra SC files for date: 2016_12_07
[Fri Sep  8 14:53:20 2017] Downloading Terra Files for date 2016_12_08 : 1 of 1
