Loading required package: raster
Loading required package: methods
Loading required package: sp
Loading required package: raster
Loading required package: methods
Loading required package: sp
Loading required package: plotKML
plotKML version 0.5-6 (2016-05-02)
URL: http://plotkml.r-forge.r-project.org/
KML file opened for writing...
Writing to KML...
Closing  /home/joel/sim/test_radflux_era5//spatial/extent.kml
Loading required package: raster
Loading required package: methods
Loading required package: sp
Loading required package: plotKML
plotKML version 0.5-6 (2016-05-02)
URL: http://plotkml.r-forge.r-project.org/
Loading required package: raster
Loading required package: methods
Loading required package: sp
Loading required package: horizon
Loading required package: raster
Loading required package: methods
Loading required package: sp
Loading required package: raster
Loading required package: methods
Loading required package: sp
Loading required package: raster
Loading required package: methods
Loading required package: sp
Loading required package: raster
Loading required package: methods
Loading required package: sp
[INFO]: Simulation directory:/home/joel/sim/test_radflux_era5/
Running:['Rscript', './rsrc/getDEM2.R', '/home/joel/sim/test_radflux_era5/', '/home/joel/data/DEM/srtm', '/home/joel/src/topoMAPP/dat/era5grid30.tif', '/home/joel/data/GCOS/wfj_poly.shp']
Running:['Rscript', './rsrc/makeKML.R', '/home/joel/sim/test_radflux_era5/', '/home/joel/sim/test_radflux_era5//predictors/ele.tif', 'shape', '/home/joel/sim/test_radflux_era5//spatial/extent']
Running:['Rscript', './rsrc/makeKML.R', '/home/joel/sim/test_radflux_era5/', '/home/joel/sim/test_radflux_era5//spatial/eraExtent.tif', 'raster', '/home/joel/sim/test_radflux_era5//spatial/eraExtent']
Running:['Rscript', './rsrc/computeTopo.R', '/home/joel/sim/test_radflux_era5/', 'TRUE']
Obtaining latN from /home/joel/sim/test_radflux_era5//predictors/ele.tif
Running:['Rscript', './rsrc/getExtent.R', '/home/joel/sim/test_radflux_era5//predictors/ele.tif', 'latN']
Obtaining latS from /home/joel/sim/test_radflux_era5//predictors/ele.tif
Running:['Rscript', './rsrc/getExtent.R', '/home/joel/sim/test_radflux_era5//predictors/ele.tif', 'latS']
Obtaining lonW from /home/joel/sim/test_radflux_era5//predictors/ele.tif
Running:['Rscript', './rsrc/getExtent.R', '/home/joel/sim/test_radflux_era5//predictors/ele.tif', 'lonW']
Obtaining lonE from /home/joel/sim/test_radflux_era5//predictors/ele.tif
Running:['Rscript', './rsrc/getExtent.R', '/home/joel/sim/test_radflux_era5//predictors/ele.tif', 'lonE']
46.92986
46.64875
9.421806
9.984306
--- 0.000292062759399 seconds ---
Retrieving ECWMF pressure-level data
Retrieving era5 dataset
Bbox = 46.92986/9.421806/46.64875/9.984306
Grid = 0.3
('Start date = ', '2015-08')
('End date = ', '2016-09')
2017-10-18 15:33:17 ECMWF API python library 1.4.0
2017-10-18 15:33:17 ECMWF API at https://api.ecmwf.int/v1
2017-10-18 15:33:17 Welcome Joel Fiddes
2017-10-18 15:33:17 In case of problems, please check https://software.ecmwf.int/wiki/display/WEBAPI/Troubleshooting or contact calldesk@ecmwf.int
2017-10-18 15:33:18 Request is queued
Calling '['nice', 'mars', '/tmp/tmp-_marsmUNqJn.req']'
mars - WARN -
mars - WARN - From 9 February 2016 10AM (UTC) MARS uses versions of
mars - WARN - libemos newer than 4.3.0. For more details, see
mars - WARN - https://software.ecmwf.int/wiki/display/EMOS/Bug+fix+implemented+in+EMOSLIB+4.3.x
mars - WARN -
PPDIR is /var/tmp/ppdir/x86_64
mars - INFO   - 20171018.133443 - Welcome to MARS with ecCodes + ODB
mars - INFO   - 20171018.133443 - MARS Client build stamp: 20170719164934
mars - INFO   - 20171018.133443 - MARS Client version: 6.18.0
mars - INFO   - 20171018.133443 - EMOSLIB version: 450
mars - INFO   - 20171018.133443 - Using ecCodes version 2.4.0
mars - INFO   - 20171018.133443 - Using odb_api version: 0.15.4.1 (file format version: 0.5)
mars - INFO   - 20171018.133443 - Maximum retrieval size is 20.00 G
retrieve,stream=oper,levelist=1000/975/950/925/900/875/850/825/800/775/750/700/650/600/550/500,area=46.92986/9.421806/46.64875/9.984306,levtype=pl,param=129.128/130.128/157.128/131.128/132.128,padding=0,step=0,grid=0.3/0.3,expver=0001,time=00/01/02/03/04/05/06/07/08/09/10/11/12/13/14/15/16/17/18/19/20/21/22/23,date=20150801/to/20150831,resol=av,type=an,class=ea,expect=anymars - INFO   - 20171018.133443 - Automatic split by date is on

mars - INFO   - 20171018.133443 - Processing request 1
mars - WARN   - 20171018.133443 - Area not compatible with grid
mars - WARN   - 20171018.133443 - Area changed from 46.92986/9.421806/46.64875/9.984306 to 47.1/9.3/46.5/10.2

RETRIEVE,
    CLASS      = EA,
    TYPE       = AN,
    STREAM     = OPER,
    EXPVER     = 0001,
    REPRES     = SH,
    LEVTYPE    = PL,
    LEVELIST   = 1000/975/950/925/900/875/850/825/800/775/750/700/650/600/550/500,
    PARAM      = 129.128/130.128/157.128/131.128/132.128,
    TIME       = 0000/0100/0200/0300/0400/0500/0600/0700/0800/0900/1000/1100/1200/1300/1400/1500/1600/1700/1800/1900/2000/2100/2200/2300,
    STEP       = 0,
    DOMAIN     = G,
    RESOL      = AV,
    AREA       = 47.1/9.3/46.5/10.2,
    GRID       = 0.3/0.3,
    PADDING    = 0,
    EXPECT     = ANY,
    DATE       = 20150801/20150802/20150803/20150804/20150805/20150806/20150807/20150808/20150809/20150810/20150811/20150812/20150813/20150814/20150815/20150816/20150817/20150818/20150819/20150820/20150821/20150822/20150823/20150824/20150825/20150826/20150827/20150828/20150829/20150830/20150831

mars - INFO   - 20171018.133443 - Web API request id: 59e7581ede6efe7c5b2956af
mars - INFO   - 20171018.133444 - Requesting any number of fields (request describes 59520)
mars - INFO   - 20171018.133444 - Calling mars on 'marser', callback on 49877
2017-10-18 15:34:48 Request is active
mars - INFO   - 20171018.133515 - Server task is 781 [marser]
mars - INFO   - 20171018.133515 - Request cost: 59,520 fields, 45.5386 Gbytes online, nodes: mvr06 mvr08 [marser]
mars - INFO   - 20171018.133515 - Wind conversion requested by server
mars - INFO   - 20171018.133521 - Transfering 48896751360 bytes
mars - INFO   - 20171018.133523 - Deriving U and V from vorticity and divergence
mars - INFO   - 20171018.135257 - 59520 fields retrieved from 'marser'
mars - INFO   - 20171018.135257 - 59520 fields have been interpolated
mars - INFO   - 20171018.135257 - Request time:  wall: 18 min 13 sec  cpu: 16 min 33 sec
mars - INFO   - 20171018.135257 -   Read from network: 45.54 Gbyte(s) in 1 min 11 sec  [652.94 Mbyte/sec]
mars - INFO   - 20171018.135257 -   Processing in marser: wall: 37 sec
mars - INFO   - 20171018.135257 -   Visiting marser: wall: 18 min 13 sec
mars - INFO   - 20171018.135257 -   Post-processing: wall: 12 min 46 sec cpu: 12 min 35 sec
mars - INFO   - 20171018.135257 -   Writing to target file: 7.49 Mbyte(s) in < 1 sec [17.73 Mbyte/sec]
mars - INFO   - 20171018.135257 - Memory used: 64.28 Mbyte(s)
mars - INFO   - 20171018.135257 - No errors reported
Process '['nice', 'mars', '/tmp/tmp-_marsmUNqJn.req']' finished
Calling '['nice', 'grib_to_netcdf', '/data/data03/scratch/_mars-atls05-95e2cf679cd58ee9b4db4dd119a05a8d-45untM.grib', '-o', '/data/data04/scratch/_grib2netcdf-atls06-a562cefde8a29a7288fa0b8b7f9413f7-EMplNs.nc', '-utime']'
grib_to_netcdf: Version 2.5.0
grib_to_netcdf: Processing input file '/data/data03/scratch/_mars-atls05-95e2cf679cd58ee9b4db4dd119a05a8d-45untM.grib'.
grib_to_netcdf: Found 59520 GRIB fields in 1 file.
grib_to_netcdf: Ignoring key(s): method, type, stream, refdate, hdate
grib_to_netcdf: Creating netCDF file '/data/data04/scratch/_grib2netcdf-atls06-a562cefde8a29a7288fa0b8b7f9413f7-EMplNs.nc'
grib_to_netcdf: NetCDF library version: 4.3.0 of Apr 10 2017 16:04:37 $
grib_to_netcdf: Creating large (64 bit) file format.
grib_to_netcdf: Defining variable 'z'.
grib_to_netcdf: Defining variable 't'.
grib_to_netcdf: Defining variable 'r'.
grib_to_netcdf: Defining variable 'u'.
grib_to_netcdf: Defining variable 'v'.
grib_to_netcdf: Done.
Process '['nice', 'grib_to_netcdf', '/data/data03/scratch/_mars-atls05-95e2cf679cd58ee9b4db4dd119a05a8d-45untM.grib', '-o', '/data/data04/scratch/_grib2netcdf-atls06-a562cefde8a29a7288fa0b8b7f9413f7-EMplNs.nc', '-utime']' finished
2017-10-18 15:58:20 Request is complete
2017-10-18 15:58:20 Transfering 1.36744 Mbytes into /home/joel/sim/test_radflux_era5//eraDat/interim_daily_PLEVEL_201508.nc
2017-10-18 15:58:20 From https://stream.ecmwf.int/data/atls06/data/data04/scratch/_grib2netcdf-atls06-a562cefde8a29a7288fa0b8b7f9413f7-EMplNs.nc
2017-10-18 15:58:22 Transfer rate 765.922 Kbytes/s
2017-10-18 15:58:22 ECMWF API python library 1.4.0
2017-10-18 15:58:22 ECMWF API at https://api.ecmwf.int/v1
2017-10-18 15:58:22 Welcome Joel Fiddes
2017-10-18 15:58:22 In case of problems, please check https://software.ecmwf.int/wiki/display/WEBAPI/Troubleshooting or contact calldesk@ecmwf.int
2017-10-18 15:58:23 Request is queued
Calling '['nice', 'mars', '/tmp/tmp-_marsbq2qGZ.req']'
mars - WARN -
mars - WARN - From 9 February 2016 10AM (UTC) MARS uses versions of
mars - WARN - libemos newer than 4.3.0. For more details, see
mars - WARN - https://software.ecmwf.int/wiki/display/EMOS/Bug+fix+implemented+in+EMOSLIB+4.3.x
mars - WARN -
PPDIR is /var/tmp/ppdir/x86_64
mars - INFO   - 20171018.135949 - Welcome to MARS with ecCodes + ODB
mars - INFO   - 20171018.135949 - MARS Client build stamp: 20170719164934
mars - INFO   - 20171018.135949 - MARS Client version: 6.18.0
mars - INFO   - 20171018.135949 - EMOSLIB version: 450
mars - INFO   - 20171018.135949 - Using ecCodes version 2.4.0
mars - INFO   - 20171018.135949 - Using odb_api version: 0.15.4.1 (file format version: 0.5)
mars - INFO   - 20171018.135949 - Maximum retrieval size is 20.00 G
retrieve,stream=oper,levelist=1000/975/950/925/900/875/850/825/800/775/750/700/650/600/550/500,area=46.92986/9.421806/46.64875/9.984306,levtype=pl,param=129.128/130.128/157.128/131.128/132.128,padding=0,step=0,grid=0.3/0.3,expver=0001,time=00/01/02/03/04/05/06/07/08/09/10/11/12/13/14/15/16/17/18/19/20/21/22/23,date=20150901/to/20150930,resol=av,type=an,class=ea,expect=anymars - INFO   - 20171018.135949 - Automatic split by date is on

mars - INFO   - 20171018.135949 - Processing request 1
mars - WARN   - 20171018.135949 - Area not compatible with grid
mars - WARN   - 20171018.135949 - Area changed from 46.92986/9.421806/46.64875/9.984306 to 47.1/9.3/46.5/10.2

RETRIEVE,
    CLASS      = EA,
    TYPE       = AN,
    STREAM     = OPER,
    EXPVER     = 0001,
    REPRES     = SH,
    LEVTYPE    = PL,
    LEVELIST   = 1000/975/950/925/900/875/850/825/800/775/750/700/650/600/550/500,
    PARAM      = 129.128/130.128/157.128/131.128/132.128,
    TIME       = 0000/0100/0200/0300/0400/0500/0600/0700/0800/0900/1000/1100/1200/1300/1400/1500/1600/1700/1800/1900/2000/2100/2200/2300,
    STEP       = 0,
    DOMAIN     = G,
    RESOL      = AV,
    AREA       = 47.1/9.3/46.5/10.2,
    GRID       = 0.3/0.3,
    PADDING    = 0,
    EXPECT     = ANY,
    DATE       = 20150901/20150902/20150903/20150904/20150905/20150906/20150907/20150908/20150909/20150910/20150911/20150912/20150913/20150914/20150915/20150916/20150917/20150918/20150919/20150920/20150921/20150922/20150923/20150924/20150925/20150926/20150927/20150928/20150929/20150930

mars - INFO   - 20171018.135949 - Web API request id: 59e75dffa7a9b441c8f7e1a5
mars - INFO   - 20171018.135950 - Requesting any number of fields (request describes 57600)
mars - INFO   - 20171018.135950 - Calling mars on 'marser', callback on 44041
2017-10-18 15:59:52 Request is active
mars - INFO   - 20171018.135959 - Server task is 379 [marser]
mars - INFO   - 20171018.135959 - Request cost: 57,600 fields, 44.0697 Gbytes online, nodes: mvr06 mvr08 [marser]
mars - INFO   - 20171018.135959 - Wind conversion requested by server
mars - INFO   - 20171018.140005 - Transfering 47319436800 bytes
mars - INFO   - 20171018.140006 - Deriving U and V from vorticity and divergence
mars - INFO   - 20171018.141941 - 57600 fields retrieved from 'marser'
mars - INFO   - 20171018.141941 - 57600 fields have been interpolated
mars - INFO   - 20171018.141941 - Request time:  wall: 19 min 52 sec  cpu: 18 min 32 sec
mars - INFO   - 20171018.141941 -   Read from network: 44.07 Gbyte(s) in 1 min 13 sec  [620.41 Mbyte/sec]
mars - INFO   - 20171018.141941 -   Processing in marser: wall: 15 sec
mars - INFO   - 20171018.141941 -   Visiting marser: wall: 19 min 52 sec
mars - INFO   - 20171018.141941 -   Post-processing: wall: 14 min 9 sec cpu: 13 min 54 sec
mars - INFO   - 20171018.141941 -   Writing to target file: 7.25 Mbyte(s) in < 1 sec [19.68 Mbyte/sec]
mars - INFO   - 20171018.141941 - Memory used: 64.28 Mbyte(s)
mars - INFO   - 20171018.141941 - No errors reported
Process '['nice', 'mars', '/tmp/tmp-_marsbq2qGZ.req']' finished
Calling '['nice', 'grib_to_netcdf', '/data/data03/scratch/_mars-atls04-a562cefde8a29a7288fa0b8b7f9413f7-wnsCA9.grib', '-o', '/data/data04/scratch/_grib2netcdf-atls03-a562cefde8a29a7288fa0b8b7f9413f7-b7Hx4O.nc', '-utime']'
grib_to_netcdf: Version 2.5.0
grib_to_netcdf: Processing input file '/data/data03/scratch/_mars-atls04-a562cefde8a29a7288fa0b8b7f9413f7-wnsCA9.grib'.
grib_to_netcdf: Found 57600 GRIB fields in 1 file.
grib_to_netcdf: Ignoring key(s): method, type, stream, refdate, hdate
grib_to_netcdf: Creating netCDF file '/data/data04/scratch/_grib2netcdf-atls03-a562cefde8a29a7288fa0b8b7f9413f7-b7Hx4O.nc'
grib_to_netcdf: NetCDF library version: 4.3.0 of Apr 10 2017 16:04:46 $
grib_to_netcdf: Creating large (64 bit) file format.
grib_to_netcdf: Defining variable 'z'.
grib_to_netcdf: Defining variable 't'.
grib_to_netcdf: Defining variable 'r'.
grib_to_netcdf: Defining variable 'u'.
grib_to_netcdf: Defining variable 'v'.
grib_to_netcdf: Done.
Process '['nice', 'grib_to_netcdf', '/data/data03/scratch/_mars-atls04-a562cefde8a29a7288fa0b8b7f9413f7-wnsCA9.grib', '-o', '/data/data04/scratch/_grib2netcdf-atls03-a562cefde8a29a7288fa0b8b7f9413f7-b7Hx4O.nc', '-utime']' finished
2017-10-18 16:23:25 Request is complete
2017-10-18 16:23:25 Transfering 1.32341 Mbytes into /home/joel/sim/test_radflux_era5//eraDat/interim_daily_PLEVEL_201509.nc
2017-10-18 16:23:25 From https://stream.ecmwf.int/data/atls03/data/data04/scratch/_grib2netcdf-atls03-a562cefde8a29a7288fa0b8b7f9413f7-b7Hx4O.nc
2017-10-18 16:23:28 Transfer rate 557.956 Kbytes/s
2017-10-18 16:23:28 ECMWF API python library 1.4.0
2017-10-18 16:23:28 ECMWF API at https://api.ecmwf.int/v1
2017-10-18 16:23:28 Welcome Joel Fiddes
2017-10-18 16:23:28 In case of problems, please check https://software.ecmwf.int/wiki/display/WEBAPI/Troubleshooting or contact calldesk@ecmwf.int
2017-10-18 16:23:29 Request is queued
Calling '['nice', 'mars', '/tmp/tmp-_marsw10mO0.req']'
mars - WARN -
mars - WARN - From 9 February 2016 10AM (UTC) MARS uses versions of
mars - WARN - libemos newer than 4.3.0. For more details, see
mars - WARN - https://software.ecmwf.int/wiki/display/EMOS/Bug+fix+implemented+in+EMOSLIB+4.3.x
mars - WARN -
PPDIR is /var/tmp/ppdir/x86_64
mars - INFO   - 20171018.142505 - Welcome to MARS with ecCodes + ODB
mars - INFO   - 20171018.142505 - MARS Client build stamp: 20170719164934
mars - INFO   - 20171018.142505 - MARS Client version: 6.18.0
mars - INFO   - 20171018.142505 - EMOSLIB version: 450
mars - INFO   - 20171018.142505 - Using ecCodes version 2.4.0
mars - INFO   - 20171018.142505 - Using odb_api version: 0.15.4.1 (file format version: 0.5)
mars - INFO   - 20171018.142505 - Maximum retrieval size is 20.00 G
retrieve,stream=oper,levelist=1000/975/950/925/900/875/850/825/800/775/750/700/650/600/550/500,area=46.92986/9.421806/46.64875/9.984306,levtype=pl,param=129.128/130.128/157.128/131.128/132.128,padding=0,step=0,grid=0.3/0.3,expver=0001,time=00/01/02/03/04/05/06/07/08/09/10/11/12/13/14/15/16/17/18/19/20/21/22/23,date=20151001/to/20151031,resol=av,type=an,class=ea,expect=anymars - INFO   - 20171018.142505 - Automatic split by date is on

mars - INFO   - 20171018.142505 - Processing request 1
mars - WARN   - 20171018.142505 - Area not compatible with grid
mars - WARN   - 20171018.142505 - Area changed from 46.92986/9.421806/46.64875/9.984306 to 47.1/9.3/46.5/10.2

RETRIEVE,
    CLASS      = EA,
    TYPE       = AN,
    STREAM     = OPER,
    EXPVER     = 0001,
    REPRES     = SH,
    LEVTYPE    = PL,
    LEVELIST   = 1000/975/950/925/900/875/850/825/800/775/750/700/650/600/550/500,
    PARAM      = 129.128/130.128/157.128/131.128/132.128,
    TIME       = 0000/0100/0200/0300/0400/0500/0600/0700/0800/0900/1000/1100/1200/1300/1400/1500/1600/1700/1800/1900/2000/2100/2200/2300,
    STEP       = 0,
    DOMAIN     = G,
    RESOL      = AV,
    AREA       = 47.1/9.3/46.5/10.2,
    GRID       = 0.3/0.3,
    PADDING    = 0,
    EXPECT     = ANY,
    DATE       = 20151001/20151002/20151003/20151004/20151005/20151006/20151007/20151008/20151009/20151010/20151011/20151012/20151013/20151014/20151015/20151016/20151017/20151018/20151019/20151020/20151021/20151022/20151023/20151024/20151025/20151026/20151027/20151028/20151029/20151030/20151031

mars - INFO   - 20171018.142505 - Web API request id: 59e763e112b4381b6ef10cf6
mars - INFO   - 20171018.142506 - Requesting any number of fields (request describes 59520)
mars - INFO   - 20171018.142506 - Calling mars on 'marser', callback on 57015
2017-10-18 16:25:07 Request is active
mars - INFO   - 20171018.142529 - Server task is 450 [marser]
mars - INFO   - 20171018.142529 - Request cost: 59,520 fields, 45.5386 Gbytes online, nodes: mvr06 mvr08 [marser]
mars - INFO   - 20171018.142529 - Wind conversion requested by server
mars - INFO   - 20171018.142535 - Transfering 48896751360 bytes
mars - INFO   - 20171018.142536 - Deriving U and V from vorticity and divergence
mars - INFO   - 20171018.144606 - 59520 fields retrieved from 'marser'
mars - INFO   - 20171018.144606 - 59520 fields have been interpolated
mars - INFO   - 20171018.144606 - Request time:  wall: 21 min  cpu: 19 min 25 sec
mars - INFO   - 20171018.144606 -   Read from network: 45.54 Gbyte(s) in 47 sec  [991.91 Mbyte/sec]
mars - INFO   - 20171018.144606 -   Processing in marser: wall: 29 sec
mars - INFO   - 20171018.144606 -   Visiting marser: wall: 21 min
mars - INFO   - 20171018.144606 -   Post-processing: wall: 15 min 9 sec cpu: 14 min 37 sec
mars - INFO   - 20171018.144606 -   Writing to target file: 7.49 Mbyte(s) in 3 sec  [2.23 Mbyte/sec]
mars - INFO   - 20171018.144606 - Memory used: 64.24 Mbyte(s)
mars - INFO   - 20171018.144606 - No errors reported
Process '['nice', 'mars', '/tmp/tmp-_marsw10mO0.req']' finished
Calling '['nice', 'grib_to_netcdf', '/data/data05/scratch/_mars-atls06-70e05f9f8ba4e9d19932f1c45a7be8d8-MSact4.grib', '-o', '/data/data01/scratch/_grib2netcdf-atls04-95e2cf679cd58ee9b4db4dd119a05a8d-8dazDw.nc', '-utime']'
grib_to_netcdf: Version 2.5.0
grib_to_netcdf: Processing input file '/data/data05/scratch/_mars-atls06-70e05f9f8ba4e9d19932f1c45a7be8d8-MSact4.grib'.
grib_to_netcdf: Found 59520 GRIB fields in 1 file.
grib_to_netcdf: Ignoring key(s): method, type, stream, refdate, hdate
grib_to_netcdf: Creating netCDF file '/data/data01/scratch/_grib2netcdf-atls04-95e2cf679cd58ee9b4db4dd119a05a8d-8dazDw.nc'
grib_to_netcdf: NetCDF library version: 4.3.0 of Apr 10 2017 16:04:21 $
grib_to_netcdf: Creating large (64 bit) file format.
grib_to_netcdf: Defining variable 'z'.
grib_to_netcdf: Defining variable 't'.
grib_to_netcdf: Defining variable 'r'.
grib_to_netcdf: Defining variable 'u'.
grib_to_netcdf: Defining variable 'v'.
grib_to_netcdf: Done.
Process '['nice', 'grib_to_netcdf', '/data/data05/scratch/_mars-atls06-70e05f9f8ba4e9d19932f1c45a7be8d8-MSact4.grib', '-o', '/data/data01/scratch/_grib2netcdf-atls04-95e2cf679cd58ee9b4db4dd119a05a8d-8dazDw.nc', '-utime']' finished
2017-10-18 16:50:01 Request is complete
2017-10-18 16:50:01 Transfering 1.36744 Mbytes into /home/joel/sim/test_radflux_era5//eraDat/interim_daily_PLEVEL_201510.nc
2017-10-18 16:50:01 From https://stream.ecmwf.int/data/atls04/data/data01/scratch/_grib2netcdf-atls04-95e2cf679cd58ee9b4db4dd119a05a8d-8dazDw.nc
2017-10-18 16:50:03 Transfer rate 861.095 Kbytes/s
2017-10-18 16:50:03 ECMWF API python library 1.4.0
2017-10-18 16:50:03 ECMWF API at https://api.ecmwf.int/v1
2017-10-18 16:50:04 Welcome Joel Fiddes
2017-10-18 16:50:04 In case of problems, please check https://software.ecmwf.int/wiki/display/WEBAPI/Troubleshooting or contact calldesk@ecmwf.int
2017-10-18 16:50:04 Request is queued
Calling '['nice', 'mars', '/tmp/tmp-_marszhb8yr.req']'
mars - WARN -
mars - WARN - From 9 February 2016 10AM (UTC) MARS uses versions of
mars - WARN - libemos newer than 4.3.0. For more details, see
mars - WARN - https://software.ecmwf.int/wiki/display/EMOS/Bug+fix+implemented+in+EMOSLIB+4.3.x
mars - WARN -
PPDIR is /var/tmp/ppdir/x86_64
mars - INFO   - 20171018.145144 - Welcome to MARS with ecCodes + ODB
mars - INFO   - 20171018.145144 - MARS Client build stamp: 20170719164934
mars - INFO   - 20171018.145144 - MARS Client version: 6.18.0
mars - INFO   - 20171018.145144 - EMOSLIB version: 450
mars - INFO   - 20171018.145144 - Using ecCodes version 2.4.0
mars - INFO   - 20171018.145144 - Using odb_api version: 0.15.4.1 (file format version: 0.5)
mars - INFO   - 20171018.145144 - Maximum retrieval size is 20.00 G
retrieve,stream=oper,levelist=1000/975/950/925/900/875/850/825/800/775/750/700/650/600/550/500,area=46.92986/9.421806/46.64875/9.984306,levtype=pl,param=129.128/130.128/157.128/131.128/132.128,padding=0,step=0,grid=0.3/0.3,expver=0001,time=00/01/02/03/04/05/06/07/08/09/10/11/12/13/14/15/16/17/18/19/20/21/22/23,date=20151101/to/20151130,resol=av,type=an,class=ea,expect=anymars - INFO   - 20171018.145144 - Automatic split by date is on

mars - INFO   - 20171018.145144 - Processing request 1
mars - WARN   - 20171018.145144 - Area not compatible with grid
mars - WARN   - 20171018.145144 - Area changed from 46.92986/9.421806/46.64875/9.984306 to 47.1/9.3/46.5/10.2

RETRIEVE,
    CLASS      = EA,
    TYPE       = AN,
    STREAM     = OPER,
    EXPVER     = 0001,
    REPRES     = SH,
    LEVTYPE    = PL,
    LEVELIST   = 1000/975/950/925/900/875/850/825/800/775/750/700/650/600/550/500,
    PARAM      = 129.128/130.128/157.128/131.128/132.128,
    TIME       = 0000/0100/0200/0300/0400/0500/0600/0700/0800/0900/1000/1100/1200/1300/1400/1500/1600/1700/1800/1900/2000/2100/2200/2300,
    STEP       = 0,
    DOMAIN     = G,
    RESOL      = AV,
    AREA       = 47.1/9.3/46.5/10.2,
    GRID       = 0.3/0.3,
    PADDING    = 0,
    EXPECT     = ANY,
    DATE       = 20151101/20151102/20151103/20151104/20151105/20151106/20151107/20151108/20151109/20151110/20151111/20151112/20151113/20151114/20151115/20151116/20151117/20151118/20151119/20151120/20151121/20151122/20151123/20151124/20151125/20151126/20151127/20151128/20151129/20151130

mars - INFO   - 20171018.145144 - Web API request id: 59e76a1c12b4381bd0f10cb1
mars - INFO   - 20171018.145144 - Requesting any number of fields (request describes 57600)
mars - INFO   - 20171018.145145 - Calling mars on 'marser', callback on 55884
mars - INFO   - 20171018.145146 - Server task is 130 [marser]
mars - INFO   - 20171018.145146 - Request cost: 57,600 fields, 44.0697 Gbytes online, nodes: mvr06 mvr08 [marser]
mars - INFO   - 20171018.145146 - Wind conversion requested by server
mars - INFO   - 20171018.145151 - Transfering 47319436800 bytes
mars - INFO   - 20171018.145152 - Deriving U and V from vorticity and divergence
2017-10-18 16:51:52 Request is active
mars - INFO   - 20171018.151118 - 57600 fields retrieved from 'marser'
mars - INFO   - 20171018.151118 - 57600 fields have been interpolated
mars - INFO   - 20171018.151118 - Request time:  wall: 19 min 34 sec  cpu: 17 min 55 sec
mars - INFO   - 20171018.151118 -   Read from network: 44.07 Gbyte(s) in 46 sec  [990.27 Mbyte/sec]
mars - INFO   - 20171018.151118 -   Processing in marser: wall: 6 sec
mars - INFO   - 20171018.151118 -   Visiting marser: wall: 19 min 34 sec
mars - INFO   - 20171018.151118 -   Post-processing: wall: 14 min 26 sec cpu: 13 min 32 sec
mars - INFO   - 20171018.151118 -   Writing to target file: 7.25 Mbyte(s) in < 1 sec [15.96 Mbyte/sec]
mars - INFO   - 20171018.151118 - Memory used: 64.28 Mbyte(s)
mars - INFO   - 20171018.151118 - No errors reported
Process '['nice', 'mars', '/tmp/tmp-_marszhb8yr.req']' finished
Calling '['nice', 'grib_to_netcdf', '/data/data02/scratch/_mars-atls04-95e2cf679cd58ee9b4db4dd119a05a8d-hnC3Ab.grib', '-o', '/data/data05/scratch/_grib2netcdf-atls03-70e05f9f8ba4e9d19932f1c45a7be8d8-gHMCA8.nc', '-utime']'
grib_to_netcdf: Version 2.5.0
grib_to_netcdf: Processing input file '/data/data02/scratch/_mars-atls04-95e2cf679cd58ee9b4db4dd119a05a8d-hnC3Ab.grib'.
grib_to_netcdf: Found 57600 GRIB fields in 1 file.
grib_to_netcdf: Ignoring key(s): method, type, stream, refdate, hdate
grib_to_netcdf: Creating netCDF file '/data/data05/scratch/_grib2netcdf-atls03-70e05f9f8ba4e9d19932f1c45a7be8d8-gHMCA8.nc'
grib_to_netcdf: NetCDF library version: 4.3.0 of Apr 10 2017 16:04:46 $
grib_to_netcdf: Creating large (64 bit) file format.
grib_to_netcdf: Defining variable 'z'.
grib_to_netcdf: Defining variable 't'.
grib_to_netcdf: Defining variable 'r'.
grib_to_netcdf: Defining variable 'u'.
grib_to_netcdf: Defining variable 'v'.
grib_to_netcdf: Done.
Process '['nice', 'grib_to_netcdf', '/data/data02/scratch/_mars-atls04-95e2cf679cd58ee9b4db4dd119a05a8d-hnC3Ab.grib', '-o', '/data/data05/scratch/_grib2netcdf-atls03-70e05f9f8ba4e9d19932f1c45a7be8d8-gHMCA8.nc', '-utime']' finished
2017-10-18 17:16:49 Request is complete
2017-10-18 17:16:49 Transfering 1.32341 Mbytes into /home/joel/sim/test_radflux_era5//eraDat/interim_daily_PLEVEL_201511.nc
2017-10-18 17:16:49 From https://stream.ecmwf.int/data/atls03/data/data05/scratch/_grib2netcdf-atls03-70e05f9f8ba4e9d19932f1c45a7be8d8-gHMCA8.nc
2017-10-18 17:16:51 Transfer rate 661.339 Kbytes/s
2017-10-18 17:16:51 ECMWF API python library 1.4.0
2017-10-18 17:16:51 ECMWF API at https://api.ecmwf.int/v1
2017-10-18 17:16:52 Welcome Joel Fiddes
2017-10-18 17:16:52 In case of problems, please check https://software.ecmwf.int/wiki/display/WEBAPI/Troubleshooting or contact calldesk@ecmwf.int
2017-10-18 17:16:52 Request is queued
Calling '['nice', 'mars', '/tmp/tmp-_marsSznwrB.req']'
mars - WARN -
mars - WARN - From 9 February 2016 10AM (UTC) MARS uses versions of
mars - WARN - libemos newer than 4.3.0. For more details, see
mars - WARN - https://software.ecmwf.int/wiki/display/EMOS/Bug+fix+implemented+in+EMOSLIB+4.3.x
mars - WARN -
PPDIR is /var/tmp/ppdir/x86_64
mars - INFO   - 20171018.151840 - Welcome to MARS with ecCodes + ODB
mars - INFO   - 20171018.151840 - MARS Client build stamp: 20170719164934
mars - INFO   - 20171018.151840 - MARS Client version: 6.18.0
mars - INFO   - 20171018.151840 - EMOSLIB version: 450
mars - INFO   - 20171018.151840 - Using ecCodes version 2.4.0
mars - INFO   - 20171018.151840 - Using odb_api version: 0.15.4.1 (file format version: 0.5)
mars - INFO   - 20171018.151840 - Maximum retrieval size is 20.00 G
retrieve,stream=oper,levelist=1000/975/950/925/900/875/850/825/800/775/750/700/650/600/550/500,area=46.92986/9.421806/46.64875/9.984306,levtype=pl,param=129.128/130.128/157.128/131.128/132.128,padding=0,step=0,grid=0.3/0.3,expver=0001,time=00/01/02/03/04/05/06/07/08/09/10/11/12/13/14/15/16/17/18/19/20/21/22/23,date=20151201/to/20151231,resol=av,type=an,class=ea,expect=anymars - INFO   - 20171018.151840 - Automatic split by date is on

mars - INFO   - 20171018.151840 - Processing request 1
mars - WARN   - 20171018.151840 - Area not compatible with grid
mars - WARN   - 20171018.151840 - Area changed from 46.92986/9.421806/46.64875/9.984306 to 47.1/9.3/46.5/10.2

RETRIEVE,
    CLASS      = EA,
    TYPE       = AN,
    STREAM     = OPER,
    EXPVER     = 0001,
    REPRES     = SH,
    LEVTYPE    = PL,
    LEVELIST   = 1000/975/950/925/900/875/850/825/800/775/750/700/650/600/550/500,
    PARAM      = 129.128/130.128/157.128/131.128/132.128,
    TIME       = 0000/0100/0200/0300/0400/0500/0600/0700/0800/0900/1000/1100/1200/1300/1400/1500/1600/1700/1800/1900/2000/2100/2200/2300,
    STEP       = 0,
    DOMAIN     = G,
    RESOL      = AV,
    AREA       = 47.1/9.3/46.5/10.2,
    GRID       = 0.3/0.3,
    PADDING    = 0,
    EXPECT     = ANY,
    DATE       = 20151201/20151202/20151203/20151204/20151205/20151206/20151207/20151208/20151209/20151210/20151211/20151212/20151213/20151214/20151215/20151216/20151217/20151218/20151219/20151220/20151221/20151222/20151223/20151224/20151225/20151226/20151227/20151228/20151229/20151230/20151231

mars - INFO   - 20171018.151840 - Web API request id: 59e77064007ca9347fc6ec17
mars - INFO   - 20171018.151840 - Requesting any number of fields (request describes 59520)
mars - INFO   - 20171018.151840 - Calling mars on 'marser', callback on 59286
2017-10-18 17:18:44 Request is active
mars - INFO   - 20171018.151919 - Server task is 638 [marser]
mars - INFO   - 20171018.151919 - Request cost: 59,520 fields, 45.5386 Gbytes online, nodes: mvr06 mvr08 [marser]
mars - INFO   - 20171018.151919 - Wind conversion requested by server
mars - INFO   - 20171018.151922 - Transfering 48896751360 bytes
mars - INFO   - 20171018.151923 - Deriving U and V from vorticity and divergence
WARNING: URLError received None <urlopen error [Errno -3] Temporary failure in name resolution>
WARNING: URLError received None <urlopen error [Errno -3] Temporary failure in name resolution>
WARNING: URLError received None <urlopen error [Errno -3] Temporary failure in name resolution>
WARNING: URLError received None <urlopen error [Errno -3] Temporary failure in name resolution>
WARNING: URLError received None <urlopen error [Errno -5] No address associated with hostname>
WARNING: URLError received None <urlopen error [Errno -5] No address associated with hostname>
WARNING: URLError received None <urlopen error [Errno -5] No address associated with hostname>
WARNING: URLError received None <urlopen error [Errno -5] No address associated with hostname>
WARNING: URLError received None <urlopen error [Errno -5] No address associated with hostname>
WARNING: URLError received None <urlopen error [Errno -5] No address associated with hostname>
WARNING: URLError received None <urlopen error [Errno -5] No address associated with hostname>
Traceback (most recent call last):
  File "topomapp_main.py", line 202, in <module>
    plevel.retrieve_interim( config["main"]["startDate"], config["main"]["endDate"], latN, latS, lonE, lonW, config["era-interim"]["grid"],eraDir, config["era-interim"]["dataset"] )
  File "/home/joel/src/topoMAPP/getERA/eraRetrievePLEVEL.py", line 71, in retrieve_interim
    interim_request(requestDates, target, grid, bbox, dataset,time, step, eraClass)
  File "/home/joel/src/topoMAPP/getERA/eraRetrievePLEVEL.py", line 95, in interim_request
    'RESOL' : "AV",
  File "/usr/local/lib/python2.7/dist-packages/ecmwfapi/api.py", line 484, in retrieve
    c.execute(req, target)
  File "/usr/local/lib/python2.7/dist-packages/ecmwfapi/api.py", line 433, in execute
    self.connection.wait()
  File "/usr/local/lib/python2.7/dist-packages/ecmwfapi/api.py", line 337, in wait
    self.call(self.location, None, "GET")
  File "/usr/local/lib/python2.7/dist-packages/ecmwfapi/api.py", line 133, in wrapped
    return func(*args, **kwargs)
  File "/usr/local/lib/python2.7/dist-packages/ecmwfapi/api.py", line 250, in call
    res = opener.open(req)
  File "/usr/lib/python2.7/urllib2.py", line 429, in open
    response = self._open(req, data)
  File "/usr/lib/python2.7/urllib2.py", line 447, in _open
    '_open', req)
  File "/usr/lib/python2.7/urllib2.py", line 407, in _call_chain
    result = func(*args)
  File "/usr/lib/python2.7/urllib2.py", line 1241, in https_open
    context=self._context)
  File "/usr/lib/python2.7/urllib2.py", line 1198, in do_open
    raise URLError(err)
urllib2.URLError: <urlopen error [Errno -5] No address associated with hostname>
