Loading required package: raster
Loading required package: methods
Loading required package: sp
Loading required package: raster
Loading required package: methods
Loading required package: sp
Warning message:
In dir.create(paste0(wd, "/spatial")) :
  '/home/joel/sim/test2//spatial' already exists
Loading required namespace: ncdf4
Loading required package: raster
Loading required package: methods
Loading required package: sp
Loading required package: raster
Loading required package: methods
Loading required package: sp
Loading required package: raster
Loading required package: methods
Loading required package: sp
Loading required package: plotKML
plotKML version 0.5-6 (2016-05-02)
URL: http://plotkml.r-forge.r-project.org/
KML file opened for writing...
Writing to KML...
Closing  /home/joel/sim/test2//spatial/extent.kml
Loading required package: raster
Loading required package: methods
Loading required package: sp
Loading required package: plotKML
plotKML version 0.5-6 (2016-05-02)
URL: http://plotkml.r-forge.r-project.org/
Loading required package: raster
Loading required package: methods
Loading required package: sp
Loading required package: horizon
