['/home/joel/src/topoMAPP', '/usr/local/lib/python2.7/dist-packages/pyandoc-0.0.1-py2.7.egg', '/usr/local/lib/python2.7/dist-packages/smop-0.32_7_gcce8558-py2.7.egg', '/usr/local/lib/python2.7/dist-packages/ply-3.10-py2.7.egg', '/usr/lib/python2.7', '/usr/lib/python2.7/plat-x86_64-linux-gnu', '/usr/lib/python2.7/lib-tk', '/usr/lib/python2.7/lib-old', '/usr/lib/python2.7/lib-dynload', '/usr/local/lib/python2.7/dist-packages', '/usr/lib/python2.7/dist-packages', '/usr/lib/python2.7/dist-packages/PILcompat', '/usr/lib/python2.7/dist-packages/gtk-2.0', '/usr/lib/python2.7/dist-packages/ubuntu-sso-client', '/home/joel/src/topoMAPP/']
./code_da.py
[INFO]: Simulation directory:/home/joel/sim/yala/
[INFO]: topo predictors precomputed
Running:['Rscript', './rsrc/extractEraBbox.R', '/home/joel/src/topoMAPP/dat/eraigrid75.tif', 'latN', '85', '86', '28', '29']
Running:['Rscript', './rsrc/extractEraBbox.R', '/home/joel/src/topoMAPP/dat/eraigrid75.tif', 'latS', '85', '86', '28', '29']
Running:['Rscript', './rsrc/extractEraBbox.R', '/home/joel/src/topoMAPP/dat/eraigrid75.tif', 'lonW', '85', '86', '28', '29']
Running:['Rscript', './rsrc/extractEraBbox.R', '/home/joel/src/topoMAPP/dat/eraigrid75.tif', 'lonE', '85', '86', '28', '29']
--- 6.38961791992e-05 seconds ---
Retrieving ECWMF pressure-level data
Retrieving ERA-Interim data
Bbox = 29.5/84.5/27.5/86.5
Grid = 0.25
('Start date = ', '2013-04')
('End date = ', '2017-06')
2017-09-28 22:55:33 ECMWF API python library 1.4.0
2017-09-28 22:55:33 ECMWF API at https://api.ecmwf.int/v1
Unexpected error: <type 'exceptions.KeyboardInterrupt'>
Traceback (most recent call last):
  File "/usr/local/lib/python2.7/dist-packages/ecmwfapi/api.py", line 133, in wrapped
    return func(*args, **kwargs)
  File "/usr/local/lib/python2.7/dist-packages/ecmwfapi/api.py", line 250, in call
    res = opener.open(req)
  File "/usr/lib/python2.7/urllib2.py", line 429, in open
    response = self._open(req, data)
  File "/usr/lib/python2.7/urllib2.py", line 447, in _open
    '_open', req)
  File "/usr/lib/python2.7/urllib2.py", line 407, in _call_chain
    result = func(*args)
  File "/usr/lib/python2.7/urllib2.py", line 1241, in https_open
    context=self._context)
  File "/usr/lib/python2.7/urllib2.py", line 1195, in do_open
    h.request(req.get_method(), req.get_selector(), req.data, headers)
  File "/usr/lib/python2.7/httplib.py", line 1057, in request
    self._send_request(method, url, body, headers)
  File "/usr/lib/python2.7/httplib.py", line 1097, in _send_request
    self.endheaders(body)
  File "/usr/lib/python2.7/httplib.py", line 1053, in endheaders
    self._send_output(message_body)
  File "/usr/lib/python2.7/httplib.py", line 897, in _send_output
    self.send(msg)
  File "/usr/lib/python2.7/httplib.py", line 859, in send
    self.connect()
  File "/usr/lib/python2.7/httplib.py", line 1278, in connect
    server_hostname=server_hostname)
  File "/usr/lib/python2.7/ssl.py", line 353, in wrap_socket
    _context=self)
  File "/usr/lib/python2.7/ssl.py", line 601, in __init__
    self.do_handshake()
  File "/usr/lib/python2.7/ssl.py", line 830, in do_handshake
    self._sslobj.do_handshake()
KeyboardInterrupt

