Loading required package: raster
Loading required package: methods
Loading required package: sp
Loading required package: raster
Loading required package: methods
Loading required package: sp
Loading required namespace: ncdf4
Loading required package: raster
Loading required package: methods
Loading required package: sp
Loading required package: plotKML
plotKML version 0.5-6 (2016-05-02)
URL: http://plotkml.r-forge.r-project.org/
KML file opened for writing...
Writing to KML...
Closing  /home/joel/sim/topomap_test//spatial/extent.kml
Loading required package: raster
Loading required package: methods
Loading required package: sp
Loading required package: plotKML
plotKML version 0.5-6 (2016-05-02)
URL: http://plotkml.r-forge.r-project.org/
Loading required package: raster
Loading required package: methods
Loading required package: sp
Loading required package: horizon
Loading required package: MODIS
Loading required package: mapdata
Loading required package: maps
Loading required package: raster
Loading required package: methods
Loading required package: sp
'outDirPath' does not exist, it will be created in '/home/joel/data/MODIS_ARC/PROCESSED'. Consult '?MODISoptions' if you want to change it!

Loading required package: rgdal
rgdal: version: 1.2-7, (SVN revision 660)
 Geospatial Data Abstraction Library extensions to R successfully loaded
 Loaded GDAL runtime: GDAL 1.11.3, released 2015/09/16
 Path to GDAL shared files: /usr/share/gdal/1.11
 Loaded PROJ.4 runtime: Rel. 4.9.2, 08 September 2015, [PJ_VERSION: 492]
 Path to PROJ.4 shared files: (autodetected)
 Linking to sp version: 1.2-4 
Loading required package: raster
Loading required package: methods
Loading required package: sp
Loading required package: plotKML
plotKML version 0.5-6 (2016-05-02)
URL: http://plotkml.r-forge.r-project.org/
Terminated
Loading required package: raster
Loading required package: methods
Loading required package: sp
Loading required package: ncdf4
Loading required package: raster
Loading required package: methods
Loading required package: sp
Loading required package: Hmisc
Loading required package: lattice
Loading required package: survival
Loading required package: Formula
Loading required package: ggplot2

Attaching package: ‘Hmisc’

The following objects are masked from ‘package:raster’:

    mask, zoom

The following objects are masked from ‘package:base’:

    format.pval, round.POSIXt, trunc.POSIXt, units

Loading required package: raster
Loading required package: methods
Loading required package: sp
Loading required package: raster
Loading required package: methods
Loading required package: sp
Loading required package: rgdal
Loading required package: methods
Loading required package: sp
rgdal: version: 1.2-7, (SVN revision 660)
 Geospatial Data Abstraction Library extensions to R successfully loaded
 Loaded GDAL runtime: GDAL 1.11.3, released 2015/09/16
 Path to GDAL shared files: /usr/share/gdal/1.11
 Loaded PROJ.4 runtime: Rel. 4.9.2, 08 September 2015, [PJ_VERSION: 492]
 Path to PROJ.4 shared files: (autodetected)
 Linking to sp version: 1.2-4 
Loading required package: raster
Warning messages:
1: Quick-TRANSfer stage steps exceeded maximum (= 4988800) 
2: Quick-TRANSfer stage steps exceeded maximum (= 4988800) 
3: Quick-TRANSfer stage steps exceeded maximum (= 4988800) 
4: Quick-TRANSfer stage steps exceeded maximum (= 4988800) 
5: Quick-TRANSfer stage steps exceeded maximum (= 4988800) 
Loading required package: rgdal
Loading required package: methods
Loading required package: sp
rgdal: version: 1.2-7, (SVN revision 660)
 Geospatial Data Abstraction Library extensions to R successfully loaded
 Loaded GDAL runtime: GDAL 1.11.3, released 2015/09/16
 Path to GDAL shared files: /usr/share/gdal/1.11
 Loaded PROJ.4 runtime: Rel. 4.9.2, 08 September 2015, [PJ_VERSION: 492]
 Path to PROJ.4 shared files: (autodetected)
 Linking to sp version: 1.2-4 
Loading required package: raster
Warning messages:
1: Quick-TRANSfer stage steps exceeded maximum (= 4995200) 
2: Quick-TRANSfer stage steps exceeded maximum (= 4995200) 
Loading required package: rgdal
Loading required package: methods
Loading required package: sp
rgdal: version: 1.2-7, (SVN revision 660)
 Geospatial Data Abstraction Library extensions to R successfully loaded
 Loaded GDAL runtime: GDAL 1.11.3, released 2015/09/16
 Path to GDAL shared files: /usr/share/gdal/1.11
 Loaded PROJ.4 runtime: Rel. 4.9.2, 08 September 2015, [PJ_VERSION: 492]
 Path to PROJ.4 shared files: (autodetected)
 Linking to sp version: 1.2-4 
Loading required package: raster
Warning messages:
1: Quick-TRANSfer stage steps exceeded maximum (= 4987950) 
2: Quick-TRANSfer stage steps exceeded maximum (= 4987950) 
Loading required package: rgdal
Loading required package: methods
Loading required package: sp
rgdal: version: 1.2-7, (SVN revision 660)
 Geospatial Data Abstraction Library extensions to R successfully loaded
 Loaded GDAL runtime: GDAL 1.11.3, released 2015/09/16
 Path to GDAL shared files: /usr/share/gdal/1.11
 Loaded PROJ.4 runtime: Rel. 4.9.2, 08 September 2015, [PJ_VERSION: 492]
 Path to PROJ.4 shared files: (autodetected)
 Linking to sp version: 1.2-4 
Loading required package: raster
Warning messages:
1: Quick-TRANSfer stage steps exceeded maximum (= 4993700) 
2: Quick-TRANSfer stage steps exceeded maximum (= 4993700) 
Loading required package: rgdal
Loading required package: methods
Loading required package: sp
rgdal: version: 1.2-7, (SVN revision 660)
 Geospatial Data Abstraction Library extensions to R successfully loaded
 Loaded GDAL runtime: GDAL 1.11.3, released 2015/09/16
 Path to GDAL shared files: /usr/share/gdal/1.11
 Loaded PROJ.4 runtime: Rel. 4.9.2, 08 September 2015, [PJ_VERSION: 492]
 Path to PROJ.4 shared files: (autodetected)
 Linking to sp version: 1.2-4 
Loading required package: raster
Warning message:
Quick-TRANSfer stage steps exceeded maximum (= 5000000) 
Loading required package: rgdal
Loading required package: methods
Loading required package: sp
rgdal: version: 1.2-7, (SVN revision 660)
 Geospatial Data Abstraction Library extensions to R successfully loaded
 Loaded GDAL runtime: GDAL 1.11.3, released 2015/09/16
 Path to GDAL shared files: /usr/share/gdal/1.11
 Loaded PROJ.4 runtime: Rel. 4.9.2, 08 September 2015, [PJ_VERSION: 492]
 Path to PROJ.4 shared files: (autodetected)
 Linking to sp version: 1.2-4 
Loading required package: raster
Warning messages:
1: Quick-TRANSfer stage steps exceeded maximum (= 4994300) 
2: Quick-TRANSfer stage steps exceeded maximum (= 4994300) 
3: Quick-TRANSfer stage steps exceeded maximum (= 4994300) 
Loading required package: rgdal
Loading required package: methods
Loading required package: sp
rgdal: version: 1.2-7, (SVN revision 660)
 Geospatial Data Abstraction Library extensions to R successfully loaded
 Loaded GDAL runtime: GDAL 1.11.3, released 2015/09/16
 Path to GDAL shared files: /usr/share/gdal/1.11
 Loaded PROJ.4 runtime: Rel. 4.9.2, 08 September 2015, [PJ_VERSION: 492]
 Path to PROJ.4 shared files: (autodetected)
 Linking to sp version: 1.2-4 
Loading required package: raster
Warning message:
Quick-TRANSfer stage steps exceeded maximum (= 4988900) 
Loading required package: rgdal
Loading required package: methods
Loading required package: sp
rgdal: version: 1.2-7, (SVN revision 660)
 Geospatial Data Abstraction Library extensions to R successfully loaded
 Loaded GDAL runtime: GDAL 1.11.3, released 2015/09/16
 Path to GDAL shared files: /usr/share/gdal/1.11
 Loaded PROJ.4 runtime: Rel. 4.9.2, 08 September 2015, [PJ_VERSION: 492]
 Path to PROJ.4 shared files: (autodetected)
 Linking to sp version: 1.2-4 
Loading required package: raster
Warning messages:
1: Quick-TRANSfer stage steps exceeded maximum (= 4994700) 
2: Quick-TRANSfer stage steps exceeded maximum (= 4994700) 
3: Quick-TRANSfer stage steps exceeded maximum (= 4994700) 
4: Quick-TRANSfer stage steps exceeded maximum (= 4994700) 
Warning message:
Quick-TRANSfer stage steps exceeded maximum (= 40454900) 
Loading required package: rgdal
Loading required package: methods
Loading required package: sp
rgdal: version: 1.2-7, (SVN revision 660)
 Geospatial Data Abstraction Library extensions to R successfully loaded
 Loaded GDAL runtime: GDAL 1.11.3, released 2015/09/16
 Path to GDAL shared files: /usr/share/gdal/1.11
 Loaded PROJ.4 runtime: Rel. 4.9.2, 08 September 2015, [PJ_VERSION: 492]
 Path to PROJ.4 shared files: (autodetected)
 Linking to sp version: 1.2-4 
Loading required package: raster
Loading required package: raster
Loading required package: methods
Loading required package: sp
Loading required package: raster
Loading required package: methods
Loading required package: sp
Loading required package: ncdf4
Loading required package: Hmisc
Loading required package: lattice
Loading required package: survival
Loading required package: Formula
Loading required package: ggplot2

Attaching package: ‘Hmisc’

The following objects are masked from ‘package:raster’:

    mask, zoom

The following objects are masked from ‘package:base’:

    format.pval, round.POSIXt, trunc.POSIXt, units

Loading required package: raster
Loading required package: methods
Loading required package: sp
Loading required package: insol
Loading required package: ncdf4
Loading required package: Hmisc
Loading required package: lattice
Loading required package: survival
Loading required package: Formula
Loading required package: ggplot2

Attaching package: ‘Hmisc’

The following objects are masked from ‘package:raster’:

    mask, zoom

The following objects are masked from ‘package:base’:

    format.pval, round.POSIXt, trunc.POSIXt, units

Warning messages:
1: In log(b/s) : NaNs produced
2: In log(b/s) : NaNs produced
3: In log(b/s) : NaNs produced
4: In log(b/s) : NaNs produced
5: In log(b/s) : NaNs produced
6: In log(b/s) : NaNs produced
7: In log(b/s) : NaNs produced
8: In log(b/s) : NaNs produced
9: In log(b/s) : NaNs produced
10: In log(b/s) : NaNs produced
Loading required package: raster
Loading required package: methods
Loading required package: sp
Loading required package: ncdf4
Loading required package: Hmisc
Loading required package: lattice
Loading required package: survival
Loading required package: Formula
Loading required package: ggplot2

Attaching package: ‘Hmisc’

The following objects are masked from ‘package:raster’:

    mask, zoom

The following objects are masked from ‘package:base’:

    format.pval, round.POSIXt, trunc.POSIXt, units

Loading required package: raster
Loading required package: methods
Loading required package: sp
Loading required package: ncdf4
Loading required package: Hmisc
Loading required package: lattice
Loading required package: survival
Loading required package: Formula
Loading required package: ggplot2

Attaching package: ‘Hmisc’

The following objects are masked from ‘package:raster’:

    mask, zoom

The following objects are masked from ‘package:base’:

    format.pval, round.POSIXt, trunc.POSIXt, units

Error in file(file, "rt") : cannot open the connection
Calls: read.table -> file
In addition: Warning message:
In file(file, "rt") :
  cannot open file 'tPoint.txt': No such file or directory
Execution halted
Loading required package: raster
Loading required package: methods
Loading required package: sp
Loading required package: ncdf4
Loading required package: Hmisc
Loading required package: lattice
Loading required package: survival
Loading required package: Formula
Loading required package: ggplot2

Attaching package: ‘Hmisc’

The following objects are masked from ‘package:raster’:

    mask, zoom

The following objects are masked from ‘package:base’:

    format.pval, round.POSIXt, trunc.POSIXt, units

Loading required package: raster
Loading required package: methods
Loading required package: sp
Loading required package: raster
Loading required package: methods
Loading required package: sp
Loading required package: raster
Loading required package: methods
Loading required package: sp
Loading required package: raster
Loading required package: methods
Loading required package: sp
Loading required package: MODIStsp
Loading required package: gWidgetsRGtk2
Loading required package: methods
Loading required package: RGtk2
Loading required package: gWidgets
Loading required package: cairoDevice
[Mon May 15 12:17:18 2017]Welcome to MODIStsp!

We will now search for a valid GDAL installation - please wait
(this will happen only once)
Scanning for GDAL installations...
Checking Sys.which...
GDAL version 1.11.3
GDAL version in use:1.11.3
[Mon May 15 12:17:44 2017] Retrieving list of files from NASA server
[Mon May 15 12:17:55 2017] 1 files for date of 2013.01.01 were successfully downloaded!
[Mon May 15 12:17:55 2017] Processing and Reprojecting Terra SC files for date: 2013_01_01
[Mon May 15 12:17:59 2017] 1 files for date of 2013.01.02 were successfully downloaded!
[Mon May 15 12:17:59 2017] Processing and Reprojecting Terra SC files for date: 2013_01_02
[Mon May 15 12:18:03 2017] 1 files for date of 2013.01.03 were successfully downloaded!
[Mon May 15 12:18:03 2017] Processing and Reprojecting Terra SC files for date: 2013_01_03
[Mon May 15 12:18:06 2017] 1 files for date of 2013.01.04 were successfully downloaded!
[Mon May 15 12:18:07 2017] Processing and Reprojecting Terra SC files for date: 2013_01_04
[Mon May 15 12:18:10 2017] 1 files for date of 2013.01.05 were successfully downloaded!
[Mon May 15 12:18:10 2017] Processing and Reprojecting Terra SC files for date: 2013_01_05
[Mon May 15 12:18:14 2017] 1 files for date of 2013.01.06 were successfully downloaded!
[Mon May 15 12:18:14 2017] Processing and Reprojecting Terra SC files for date: 2013_01_06
[Mon May 15 12:18:23 2017] 1 files for date of 2013.01.01 were successfully downloaded!
[Mon May 15 12:18:23 2017] Processing and Reprojecting Aqua SC files for date: 2013_01_01
[Mon May 15 12:18:27 2017] 1 files for date of 2013.01.02 were successfully downloaded!
[Mon May 15 12:18:27 2017] Processing and Reprojecting Aqua SC files for date: 2013_01_02
[Mon May 15 12:18:31 2017] 1 files for date of 2013.01.03 were successfully downloaded!
[Mon May 15 12:18:31 2017] Processing and Reprojecting Aqua SC files for date: 2013_01_03
[Mon May 15 12:18:34 2017] 1 files for date of 2013.01.04 were successfully downloaded!
[Mon May 15 12:18:35 2017] Processing and Reprojecting Aqua SC files for date: 2013_01_04
[Mon May 15 12:18:38 2017] 1 files for date of 2013.01.05 were successfully downloaded!
[Mon May 15 12:18:38 2017] Processing and Reprojecting Aqua SC files for date: 2013_01_05
[Mon May 15 12:18:41 2017] 1 files for date of 2013.01.06 were successfully downloaded!
[Mon May 15 12:18:42 2017] Processing and Reprojecting Aqua SC files for date: 2013_01_06
[Mon May 15 12:18:43 2017] Creating Virtual Files and rts time series for layer SC
[Mon May 15 12:18:43 2017] Creating Virtual Files and rts time series for layer SC
[Mon May 15 12:18:43 2017] Creating Virtual Files and rts time series for layer SC
