Loading required package: raster
Loading required package: methods
Loading required package: sp
[1] "using credentials for: urs.earthdata.nasa.gov"
[1] "N46E009.SRTMGL1.hgt.zip exists"
Archive:  N46E009.SRTMGL1.hgt.zip
  inflating: N46E009.hgt             
Loading required package: raster
Loading required package: methods
Loading required package: sp
[1] "clipping domain for ERA-grid resolution: 0.25"
2017-05-12 16:04:06 ECMWF API python library 1.4.0
2017-05-12 16:04:06 ECMWF API at https://api.ecmwf.int/v1
2017-05-12 16:04:07 Welcome Joel Fiddes
2017-05-12 16:04:07 In case of problems, please check https://software.ecmwf.int/wiki/display/WEBAPI/Troubleshooting or contact calldesk@ecmwf.int
2017-05-12 16:04:07 
2017-05-12 16:04:07 Request is queued
Calling '['nice', 'mars', '/tmp/tmp-_mars5ZHUYK.req']'
mars - WARN -
mars - WARN - From 9 February 2016 10AM (UTC) MARS uses versions of
mars - WARN - libemos newer than 4.3.0. For more details, see
mars - WARN - https://software.ecmwf.int/wiki/display/EMOS/Bug+fix+implemented+in+EMOSLIB+4.3.x
mars - WARN -
PPDIR is /var/tmp/ppdir/x86_64
mars - INFO   - 20170512.140408 - Welcome to MARS with ecCodes and ODB
mars - INFO   - 20170512.140408 - MARS Client build stamp: 20170306182930
mars - INFO   - 20170512.140408 - MARS Client version: 6.17.0
mars - INFO   - 20170512.140408 - EMOSLIB version: 446
mars - INFO   - 20170512.140408 - Using ecCodes version 2.1.0
mars - INFO   - 20170512.140408 - Using odb_api version: 0.15.4.1 (file format version: 0.5)
mars - INFO   - 20170512.140408 - Maximum retrieval size is 20.00 G
retrieve,stream=oper,area=47.000138889/8.999861111/45.999861111/10.000138889,levtype=sfc,param=168,step=3/6/9/12,grid=0.25/0.25,expver=0001,time=00/12,date=20121230/to/20121231,type=fc,class=ei,padding=0,expect=anymars - WARN   - 20170512.140408 - For full resolution grid, it is recommended to use RESOL=AV to prevent any truncation before transformation
mars - INFO   - 20170512.140408 - Automatic split by date is on

mars - INFO   - 20170512.140408 - Processing request 1
mars - WARN   - 20170512.140408 - Area not compatible with grid
mars - WARN   - 20170512.140408 - Area changed from 47.000138889/8.999861111/45.999861111/10.000138889 to 47.25/8.75/45.75/10.25

RETRIEVE,
    CLASS      = EI,
    TYPE       = FC,
    STREAM     = OPER,
    EXPVER     = 0001,
    REPRES     = SH,
    LEVTYPE    = SFC,
    PARAM      = 168,
    TIME       = 0000/1200,
    STEP       = 3/6/9/12,
    DOMAIN     = G,
    RESOL      = AUTO,
    AREA       = 47.25/8.75/45.75/10.25,
    GRID       = 0.25/0.25,
    PADDING    = 0,
    EXPECT     = ANY,
    DATE       = 20121230/20121231

mars - INFO   - 20170512.140408 - Web API request id: 5915c0d7f7414dd43d5db4bb
mars - INFO   - 20170512.140408 - Requesting any number of fields (request describes 16)
mars - INFO   - 20170512.140408 - Calling mars on 'marser', callback on 40839
2017-05-12 16:04:09 Request is active
mars - INFO   - 20170512.140410 - Server task is 721 [marser]
mars - INFO   - 20170512.140410 - Request cost: 16 fields, 2.72058 Mbytes online, nodes: mvr02 [marser]
mars - INFO   - 20170512.140410 - Transfering 2852736 bytes
mars - INFO   - 20170512.140410 - 16 fields retrieved from 'marser'
mars - INFO   - 20170512.140410 - 16 fields have been interpolated
mars - INFO   - 20170512.140410 - Request time:  wall: 2 sec
mars - INFO   - 20170512.140410 -   Read from network: 2.72 Mbyte(s) in < 1 sec [980.74 Mbyte/sec]
mars - INFO   - 20170512.140410 -   Processing in marser: wall: 2 sec
mars - INFO   - 20170512.140410 -   Visiting marser: wall: 2 sec
mars - INFO   - 20170512.140410 -   Writing to target file: 3.22 Kbyte(s) in < 1 sec [43.66 Mbyte/sec]
mars - INFO   - 20170512.140410 - Memory used: 30.84 Mbyte(s)
mars - INFO   - 20170512.140410 - No errors reported
Process '['nice', 'mars', '/tmp/tmp-_mars5ZHUYK.req']' finished
Calling '['nice', 'grib_to_netcdf', '/data/data04/scratch/_mars-atls02-a562cefde8a29a7288fa0b8b7f9413f7-_zbWTd.grib', '-o', '/data/data04/scratch/_grib2netcdf-atls01-a562cefde8a29a7288fa0b8b7f9413f7-0giqi1.nc', '-utime']'
grib_to_netcdf: Version 2.2.0
grib_to_netcdf: Processing input file '/data/data04/scratch/_mars-atls02-a562cefde8a29a7288fa0b8b7f9413f7-_zbWTd.grib'.
grib_to_netcdf: Found 16 GRIB fields in 1 file.
grib_to_netcdf: Ignoring key(s): method, type, stream, refdate, hdate
grib_to_netcdf: Creating netCDF file '/data/data04/scratch/_grib2netcdf-atls01-a562cefde8a29a7288fa0b8b7f9413f7-0giqi1.nc'
grib_to_netcdf: NetCDF library version: 4.3.0 of Nov 24 2016 09:46:41 $
grib_to_netcdf: Creating large (64 bit) file format.
grib_to_netcdf: Defining variable 'd2m'.
grib_to_netcdf: Done.
Process '['nice', 'grib_to_netcdf', '/data/data04/scratch/_mars-atls02-a562cefde8a29a7288fa0b8b7f9413f7-_zbWTd.grib', '-o', '/data/data04/scratch/_grib2netcdf-atls01-a562cefde8a29a7288fa0b8b7f9413f7-0giqi1.nc', '-utime']' finished
2017-05-12 16:04:14 Request is complete
2017-05-12 16:04:14 Transfering 2.65234 Kbytes into eraExtent.nc
2017-05-12 16:04:14 From http://stream.ecmwf.int/data/atls01/data/data04/scratch/_grib2netcdf-atls01-a562cefde8a29a7288fa0b8b7f9413f7-0giqi1.nc
2017-05-12 16:04:14 Transfer rate 33.3084 Kbytes/s
Loading required namespace: ncdf4
null device 
          1 
Loading required package: raster
Loading required package: methods
Loading required package: sp
Loading required package: plotKML
plotKML version 0.5-6 (2016-05-02)
URL: http://plotkml.r-forge.r-project.org/
KML file opened for writing...
Writing to KML...
Closing  /home/joel/sim/topomap_test//predictors/extent.kml
Loading required package: raster
Loading required package: methods
Loading required package: sp
Loading required package: horizon
Loading required package: MODIS
Loading required package: mapdata
Loading required package: maps
Loading required package: raster
Loading required package: methods
Loading required package: sp
'outDirPath' does not exist, it will be created in '/home/joel/data/MODIS_ARC/PROCESSED'. Consult '?MODISoptions' if you want to change it!

Loading required package: rgdal
rgdal: version: 1.2-7, (SVN revision 660)
 Geospatial Data Abstraction Library extensions to R successfully loaded
 Loaded GDAL runtime: GDAL 1.11.3, released 2015/09/16
 Path to GDAL shared files: /usr/share/gdal/1.11
 Loaded PROJ.4 runtime: Rel. 4.9.2, 08 September 2015, [PJ_VERSION: 492]
 Path to PROJ.4 shared files: (autodetected)
 Linking to sp version: 1.2-4 
########################
outProj          =  +proj=longlat +datum=WGS84 +no_defs +ellps=WGS84 +towgs84=0,0,0  (Specified by raster*/spatial* object)
pixelSize        =  0.0002777778 0.0002777778  (Specified by raster* object)
resamplingType   =  near 
Output directory =  /home/joel/data/MODIS_ARC/PROCESSED/MOD13Q1.005_20170512160435  (no 'job' name specified, generated (date/time based))
########################
Downloading structure on 'LAADS' for: MOD13Q1.005
Downloading structure from 'LAADS'-server! Try: 1 Downloading structure of '2000' from 'LAADS'-server.                        Downloading structure of '2001' from 'LAADS'-server.                        Downloading structure of '2002' from 'LAADS'-server.                        Downloading structure of '2003' from 'LAADS'-server.                        Downloading structure of '2004' from 'LAADS'-server.                        Downloading structure of '2005' from 'LAADS'-server.                        Downloading structure of '2006' from 'LAADS'-server.                        Downloading structure of '2007' from 'LAADS'-server.                        Downloading structure of '2008' from 'LAADS'-server.                        Downloading structure of '2009' from 'LAADS'-server.                        Downloading structure of '2010' from 'LAADS'-server.                        Downloading structure of '2011' from 'LAADS'-server.                        Downloading structure of '2012' from 'LAADS'-server.                        Downloading structure of '2013' from 'LAADS'-server.                        Downloading structure of '2014' from 'LAADS'-server.                        Downloading structure of '2015' from 'LAADS'-server.                        Downloading structure of '2016' from 'LAADS'-server.                        Downloading structure of '2017' from 'LAADS'-server.                                                                                            Creating output file that is 2699P x 2699L.
Processing input file HDF4_EOS:EOS_GRID:/home/joel/data/MODIS_ARC/MODIS/MOD13Q1.005/2000.08.12/MOD13Q1.A2000225.h18v04.005.2006307174327.hdf:MODIS_Grid_16DAY_250m_500m_VI:250m 16 days NDVI.
0...10...20...30...40...50...60...70...80...90...100 - done.
########################
outProj          =  +proj=longlat +datum=WGS84 +no_defs +ellps=WGS84 +towgs84=0,0,0  (Specified by raster*/spatial* object)
pixelSize        =  0.0002777778 0.0002777778  (Specified by raster* object)
resamplingType   =  near 
Output directory =  /home/joel/data/MODIS_ARC/PROCESSED/MOD13Q1.005_20170512160518  (no 'job' name specified, generated (date/time based))
########################
Local structure is up-to-date. Using offline information!
Creating output file that is 2699P x 2699L.
Processing input file HDF4_EOS:EOS_GRID:/home/joel/data/MODIS_ARC/MODIS/MOD13Q1.005/2004.08.12/MOD13Q1.A2004225.h18v04.005.2007308203627.hdf:MODIS_Grid_16DAY_250m_500m_VI:250m 16 days NDVI.
0...10...20...30...40...50...60...70...80...90...100 - done.
########################
outProj          =  +proj=longlat +datum=WGS84 +no_defs +ellps=WGS84 +towgs84=0,0,0  (Specified by raster*/spatial* object)
pixelSize        =  0.0002777778 0.0002777778  (Specified by raster* object)
resamplingType   =  near 
Output directory =  /home/joel/data/MODIS_ARC/PROCESSED/MOD13Q1.005_20170512160519  (no 'job' name specified, generated (date/time based))
########################
Local structure is up-to-date. Using offline information!
Creating output file that is 2699P x 2699L.
Processing input file HDF4_EOS:EOS_GRID:/home/joel/data/MODIS_ARC/MODIS/MOD13Q1.005/2008.08.12/MOD13Q1.A2008225.h18v04.005.2008245055007.hdf:MODIS_Grid_16DAY_250m_500m_VI:250m 16 days NDVI.
0...10...20...30...40...50...60...70...80...90...100 - done.
########################
outProj          =  +proj=longlat +datum=WGS84 +no_defs +ellps=WGS84 +towgs84=0,0,0  (Specified by raster*/spatial* object)
pixelSize        =  0.0002777778 0.0002777778  (Specified by raster* object)
resamplingType   =  near 
Output directory =  /home/joel/data/MODIS_ARC/PROCESSED/MOD13Q1.005_20170512160520  (no 'job' name specified, generated (date/time based))
########################
Local structure is up-to-date. Using offline information!
Creating output file that is 2699P x 2699L.
Processing input file HDF4_EOS:EOS_GRID:/home/joel/data/MODIS_ARC/MODIS/MOD13Q1.005/2012.08.12/MOD13Q1.A2012225.h18v04.005.2012242060521.hdf:MODIS_Grid_16DAY_250m_500m_VI:250m 16 days NDVI.
0...10...20...30...40...50...60...70...80...90...100 - done.
########################
outProj          =  +proj=longlat +datum=WGS84 +no_defs +ellps=WGS84 +towgs84=0,0,0  (Specified by raster*/spatial* object)
pixelSize        =  0.0002777778 0.0002777778  (Specified by raster* object)
resamplingType   =  near 
Output directory =  /home/joel/data/MODIS_ARC/PROCESSED/MOD13Q1.005_20170512160521  (no 'job' name specified, generated (date/time based))
########################
Local structure is up-to-date. Using offline information!
Creating output file that is 2699P x 2699L.
Processing input file HDF4_EOS:EOS_GRID:/home/joel/data/MODIS_ARC/MODIS/MOD13Q1.005/2016.08.12/MOD13Q1.A2016225.h18v04.005.2016243090416.hdf:MODIS_Grid_16DAY_250m_500m_VI:250m 16 days NDVI.
0...10...20...30...40...50...60...70...80...90...100 - done.
[1] "The following rasterStack will be used to compute avergae NDVI:"
class       : RasterStack 
dimensions  : 2699, 2699, 7284601, 5  (nrow, ncol, ncell, nlayers)
resolution  : 0.0002777778, 0.0002777778  (x, y)
extent      : 9.125139, 9.874861, 46.12514, 46.87486  (xmin, xmax, ymin, ymax)
coord. ref. : +proj=longlat +datum=WGS84 +no_defs +ellps=WGS84 +towgs84=0,0,0 
names       : MOD13Q1.A2000225.250m_16_days_NDVI, MOD13Q1.A2004225.250m_16_days_NDVI, MOD13Q1.A2008225.250m_16_days_NDVI, MOD13Q1.A2012225.250m_16_days_NDVI, MOD13Q1.A2016225.250m_16_days_NDVI 
min values  :                             -32768,                             -32768,                             -32768,                             -32768,                             -32768 
max values  :                              32767,                              32767,                              32767,                              32767,                              32767 

null device 
          1 
Loading required package: raster
Loading required package: methods
Loading required package: sp
Loading required package: plotKML
plotKML version 0.5-6 (2016-05-02)
URL: http://plotkml.r-forge.r-project.org/
Terminated
Loading required package: raster
Loading required package: methods
Loading required package: sp
[1] "20130104/to/20130109"
[1] "Requesting ERA-grids within extent46.75/9.25/46.25/9.75"
Warning message:
In dir.create(eraDir) :
  '/home/joel/sim/topomap_test//eraDat' already exists
2017-05-12 16:06:03 ECMWF API python library 1.4.0
2017-05-12 16:06:03 ECMWF API at https://api.ecmwf.int/v1
2017-05-12 16:06:03 Welcome Joel Fiddes
2017-05-12 16:06:03 In case of problems, please check https://software.ecmwf.int/wiki/display/WEBAPI/Troubleshooting or contact calldesk@ecmwf.int
2017-05-12 16:06:03 
2017-05-12 16:06:04 Request is queued
Calling '['nice', 'mars', '/tmp/tmp-_marsRNCTtV.req']'
mars - WARN -
mars - WARN - From 9 February 2016 10AM (UTC) MARS uses versions of
mars - WARN - libemos newer than 4.3.0. For more details, see
mars - WARN - https://software.ecmwf.int/wiki/display/EMOS/Bug+fix+implemented+in+EMOSLIB+4.3.x
mars - WARN -
PPDIR is /var/tmp/ppdir/x86_64
mars - INFO   - 20170512.140606 - Welcome to MARS with ecCodes and ODB
mars - INFO   - 20170512.140606 - MARS Client build stamp: 20170306182930
mars - INFO   - 20170512.140606 - MARS Client version: 6.17.0
mars - INFO   - 20170512.140606 - EMOSLIB version: 446
mars - INFO   - 20170512.140606 - Using ecCodes version 2.1.0
mars - INFO   - 20170512.140606 - Using odb_api version: 0.15.4.1 (file format version: 0.5)
mars - INFO   - 20170512.140606 - Maximum retrieval size is 20.00 G
retrieve,stream=oper,area=46.75/9.25/46.25/9.75,levtype=sfc,param=168,step=3/6/9/12,grid=0.25/0.25,expver=0001,time=00/12,date=20130104/to/20130109,type=fc,class=ei,padding=0,expect=anymars - WARN   - 20170512.140606 - For full resolution grid, it is recommended to use RESOL=AV to prevent any truncation before transformation
mars - INFO   - 20170512.140606 - Automatic split by date is on

mars - INFO   - 20170512.140606 - Processing request 1

RETRIEVE,
    CLASS      = EI,
    TYPE       = FC,
    STREAM     = OPER,
    EXPVER     = 0001,
    REPRES     = SH,
    LEVTYPE    = SFC,
    PARAM      = 168,
    TIME       = 0000/1200,
    STEP       = 3/6/9/12,
    DOMAIN     = G,
    RESOL      = AUTO,
    AREA       = 46.75/9.25/46.25/9.75,
    GRID       = 0.25/0.25,
    PADDING    = 0,
    EXPECT     = ANY,
    DATE       = 20130104/20130105/20130106/20130107/20130108/20130109

mars - INFO   - 20170512.140606 - Web API request id: 5915c14c1fd472c2d59c70f8
mars - INFO   - 20170512.140606 - Requesting any number of fields (request describes 48)
mars - INFO   - 20170512.140606 - Calling mars on 'marser', callback on 35696
mars - INFO   - 20170512.140609 - Server task is 302 [marser]
mars - INFO   - 20170512.140609 - Request cost: 48 fields, 8.16174 Mbytes online, nodes: mvr02 [marser]
mars - INFO   - 20170512.140610 - Transfering 8558208 bytes
2017-05-12 16:06:10 Request is active
mars - INFO   - 20170512.140611 - 48 fields retrieved from 'marser'
mars - INFO   - 20170512.140611 - 48 fields have been interpolated
mars - INFO   - 20170512.140611 - Request time:  wall: 5 sec
mars - INFO   - 20170512.140611 -   Read from network: 8.16 Mbyte(s) in < 1 sec [11.36 Mbyte/sec]
mars - INFO   - 20170512.140611 -   Processing in marser: wall: 4 sec
mars - INFO   - 20170512.140611 -   Visiting marser: wall: 5 sec
mars - INFO   - 20170512.140611 -   Writing to target file: 5.91 Kbyte(s) in < 1 sec [21.93 Mbyte/sec]
mars - INFO   - 20170512.140611 - Memory used: 30.82 Mbyte(s)
mars - INFO   - 20170512.140611 - No errors reported
Process '['nice', 'mars', '/tmp/tmp-_marsRNCTtV.req']' finished
Calling '['nice', 'grib_to_netcdf', '/data/data04/scratch/_mars-atls18-a562cefde8a29a7288fa0b8b7f9413f7-VYwCtr.grib', '-o', '/data/data04/scratch/_grib2netcdf-atls00-a562cefde8a29a7288fa0b8b7f9413f7-Ydbikm.nc', '-utime']'
grib_to_netcdf: Version 2.2.0
grib_to_netcdf: Processing input file '/data/data04/scratch/_mars-atls18-a562cefde8a29a7288fa0b8b7f9413f7-VYwCtr.grib'.
grib_to_netcdf: Found 48 GRIB fields in 1 file.
grib_to_netcdf: Ignoring key(s): method, type, stream, refdate, hdate
grib_to_netcdf: Creating netCDF file '/data/data04/scratch/_grib2netcdf-atls00-a562cefde8a29a7288fa0b8b7f9413f7-Ydbikm.nc'
grib_to_netcdf: NetCDF library version: 4.3.0 of Nov 24 2016 09:46:40 $
grib_to_netcdf: Creating large (64 bit) file format.
grib_to_netcdf: Defining variable 'd2m'.
grib_to_netcdf: Done.
Process '['nice', 'grib_to_netcdf', '/data/data04/scratch/_mars-atls18-a562cefde8a29a7288fa0b8b7f9413f7-VYwCtr.grib', '-o', '/data/data04/scratch/_grib2netcdf-atls00-a562cefde8a29a7288fa0b8b7f9413f7-Ydbikm.nc', '-utime']' finished
2017-05-12 16:06:16 Request is complete
2017-05-12 16:06:16 Transfering 2.12109 Kbytes into dt.nc
2017-05-12 16:06:16 From http://stream.ecmwf.int/data/atls00/data/data04/scratch/_grib2netcdf-atls00-a562cefde8a29a7288fa0b8b7f9413f7-Ydbikm.nc
2017-05-12 16:06:16 Transfer rate 26.3794 Kbytes/s
2017-05-12 16:06:16 ECMWF API python library 1.4.0
2017-05-12 16:06:16 ECMWF API at https://api.ecmwf.int/v1
2017-05-12 16:06:16 Welcome Joel Fiddes
2017-05-12 16:06:17 In case of problems, please check https://software.ecmwf.int/wiki/display/WEBAPI/Troubleshooting or contact calldesk@ecmwf.int
2017-05-12 16:06:17 
2017-05-12 16:06:17 Request is queued
Calling '['nice', 'mars', '/tmp/tmp-_mars6Jd4G3.req']'
mars - WARN -
mars - WARN - From 9 February 2016 10AM (UTC) MARS uses versions of
mars - WARN - libemos newer than 4.3.0. For more details, see
mars - WARN - https://software.ecmwf.int/wiki/display/EMOS/Bug+fix+implemented+in+EMOSLIB+4.3.x
mars - WARN -
PPDIR is /var/tmp/ppdir/x86_64
mars - INFO   - 20170512.140620 - Welcome to MARS with ecCodes and ODB
mars - INFO   - 20170512.140620 - MARS Client build stamp: 20170306182930
mars - INFO   - 20170512.140620 - MARS Client version: 6.17.0
mars - INFO   - 20170512.140620 - EMOSLIB version: 446
mars - INFO   - 20170512.140620 - Using ecCodes version 2.1.0
mars - INFO   - 20170512.140620 - Using odb_api version: 0.15.4.1 (file format version: 0.5)
mars - INFO   - 20170512.140620 - Maximum retrieval size is 20.00 G
retrieve,stream=oper,area=46.75/9.25/46.25/9.75,levtype=sfc,param=175,step=3/6/9/12,grid=0.25/0.25,expver=0001,time=00/12,date=20130104/to/20130109,type=fc,class=ei,padding=0,expect=anymars - WARN   - 20170512.140620 - For full resolution grid, it is recommended to use RESOL=AV to prevent any truncation before transformation
mars - INFO   - 20170512.140620 - Automatic split by date is on

mars - INFO   - 20170512.140620 - Processing request 1

RETRIEVE,
    CLASS      = EI,
    TYPE       = FC,
    STREAM     = OPER,
    EXPVER     = 0001,
    REPRES     = SH,
    LEVTYPE    = SFC,
    PARAM      = 175,
    TIME       = 0000/1200,
    STEP       = 3/6/9/12,
    DOMAIN     = G,
    RESOL      = AUTO,
    AREA       = 46.75/9.25/46.25/9.75,
    GRID       = 0.25/0.25,
    PADDING    = 0,
    EXPECT     = ANY,
    DATE       = 20130104/20130105/20130106/20130107/20130108/20130109

mars - INFO   - 20170512.140620 - Web API request id: 5915c159dd5e9fa458fd085d
mars - INFO   - 20170512.140620 - Requesting any number of fields (request describes 48)
mars - INFO   - 20170512.140620 - Calling mars on 'marser', callback on 45230
mars - INFO   - 20170512.140622 - Server task is 1 [marser]
mars - INFO   - 20170512.140622 - Request cost: 48 fields, 8.16174 Mbytes online, nodes: mvr02 [marser]
mars - INFO   - 20170512.140622 - Transfering 8558208 bytes
mars - INFO   - 20170512.140623 - 48 fields retrieved from 'marser'
mars - INFO   - 20170512.140623 - 48 fields have been interpolated
mars - INFO   - 20170512.140623 - Request time:  wall: 3 sec
mars - INFO   - 20170512.140623 -   Read from network: 8.16 Mbyte(s) in < 1 sec [19.03 Mbyte/sec]
mars - INFO   - 20170512.140623 -   Processing in marser: wall: 3 sec
mars - INFO   - 20170512.140623 -   Visiting marser: wall: 3 sec
mars - INFO   - 20170512.140623 -   Writing to target file: 5.91 Kbyte(s) in < 1 sec [33.93 Mbyte/sec]
mars - INFO   - 20170512.140623 - Memory used: 30.83 Mbyte(s)
mars - INFO   - 20170512.140623 - No errors reported
Process '['nice', 'mars', '/tmp/tmp-_mars6Jd4G3.req']' finished
Calling '['nice', 'grib_to_netcdf', '/data/data04/scratch/_mars-atls17-a562cefde8a29a7288fa0b8b7f9413f7-BvYaFG.grib', '-o', '/data/data04/scratch/_grib2netcdf-atls09-a562cefde8a29a7288fa0b8b7f9413f7-Szz8kZ.nc', '-utime']'
2017-05-12 16:06:23 Request is active
grib_to_netcdf: Version 2.2.0
grib_to_netcdf: Processing input file '/data/data04/scratch/_mars-atls17-a562cefde8a29a7288fa0b8b7f9413f7-BvYaFG.grib'.
grib_to_netcdf: Found 48 GRIB fields in 1 file.
grib_to_netcdf: Ignoring key(s): method, type, stream, refdate, hdate
grib_to_netcdf: Creating netCDF file '/data/data04/scratch/_grib2netcdf-atls09-a562cefde8a29a7288fa0b8b7f9413f7-Szz8kZ.nc'
grib_to_netcdf: NetCDF library version: 4.3.0 of Nov 24 2016 09:46:39 $
grib_to_netcdf: Creating large (64 bit) file format.
grib_to_netcdf: Defining variable 'strd'.
grib_to_netcdf: Done.
Process '['nice', 'grib_to_netcdf', '/data/data04/scratch/_mars-atls17-a562cefde8a29a7288fa0b8b7f9413f7-BvYaFG.grib', '-o', '/data/data04/scratch/_grib2netcdf-atls09-a562cefde8a29a7288fa0b8b7f9413f7-Szz8kZ.nc', '-utime']' finished
2017-05-12 16:06:29 Request is complete
2017-05-12 16:06:29 Transfering 2.13281 Kbytes into strd.nc
2017-05-12 16:06:29 From http://stream.ecmwf.int/data/atls09/data/data04/scratch/_grib2netcdf-atls09-a562cefde8a29a7288fa0b8b7f9413f7-Szz8kZ.nc
2017-05-12 16:06:29 Transfer rate 27.048 Kbytes/s
2017-05-12 16:06:29 ECMWF API python library 1.4.0
2017-05-12 16:06:29 ECMWF API at https://api.ecmwf.int/v1
2017-05-12 16:06:29 Welcome Joel Fiddes
2017-05-12 16:06:30 In case of problems, please check https://software.ecmwf.int/wiki/display/WEBAPI/Troubleshooting or contact calldesk@ecmwf.int
2017-05-12 16:06:30 
2017-05-12 16:06:30 Request is queued
Calling '['nice', 'mars', '/tmp/tmp-_marsWtGK3R.req']'
mars - WARN -
mars - WARN - From 9 February 2016 10AM (UTC) MARS uses versions of
mars - WARN - libemos newer than 4.3.0. For more details, see
mars - WARN - https://software.ecmwf.int/wiki/display/EMOS/Bug+fix+implemented+in+EMOSLIB+4.3.x
mars - WARN -
PPDIR is /var/tmp/ppdir/x86_64
mars - INFO   - 20170512.140632 - Welcome to MARS with ecCodes and ODB
mars - INFO   - 20170512.140632 - MARS Client build stamp: 20170306182930
mars - INFO   - 20170512.140632 - MARS Client version: 6.17.0
mars - INFO   - 20170512.140632 - EMOSLIB version: 446
mars - INFO   - 20170512.140632 - Using ecCodes version 2.1.0
mars - INFO   - 20170512.140632 - Using odb_api version: 0.15.4.1 (file format version: 0.5)
mars - INFO   - 20170512.140632 - Maximum retrieval size is 20.00 G
retrieve,stream=oper,area=46.75/9.25/46.25/9.75,levtype=sfc,param=169,step=3/6/9/12,grid=0.25/0.25,expver=0001,time=00/12,date=20130104/to/20130109,type=fc,class=ei,padding=0,expect=anymars - WARN   - 20170512.140632 - For full resolution grid, it is recommended to use RESOL=AV to prevent any truncation before transformation
mars - INFO   - 20170512.140632 - Automatic split by date is on

mars - INFO   - 20170512.140632 - Processing request 1

RETRIEVE,
    CLASS      = EI,
    TYPE       = FC,
    STREAM     = OPER,
    EXPVER     = 0001,
    REPRES     = SH,
    LEVTYPE    = SFC,
    PARAM      = 169,
    TIME       = 0000/1200,
    STEP       = 3/6/9/12,
    DOMAIN     = G,
    RESOL      = AUTO,
    AREA       = 46.75/9.25/46.25/9.75,
    GRID       = 0.25/0.25,
    PADDING    = 0,
    EXPECT     = ANY,
    DATE       = 20130104/20130105/20130106/20130107/20130108/20130109

mars - INFO   - 20170512.140632 - Web API request id: 5915c166d64e600e93e5378a
mars - INFO   - 20170512.140632 - Requesting any number of fields (request describes 48)
mars - INFO   - 20170512.140632 - Calling mars on 'marser', callback on 39156
mars - INFO   - 20170512.140635 - Server task is 176 [marser]
mars - INFO   - 20170512.140635 - Request cost: 48 fields, 8.16174 Mbytes online, nodes: mvr06 [marser]
mars - INFO   - 20170512.140635 - Transfering 8558208 bytes
mars - INFO   - 20170512.140635 - 48 fields retrieved from 'marser'
mars - INFO   - 20170512.140635 - 48 fields have been interpolated
mars - INFO   - 20170512.140635 - Request time:  wall: 3 sec
mars - INFO   - 20170512.140635 -   Read from network: 8.16 Mbyte(s) in < 1 sec [94.65 Mbyte/sec]
mars - INFO   - 20170512.140635 -   Processing in marser: wall: 3 sec
mars - INFO   - 20170512.140635 -   Visiting marser: wall: 3 sec
mars - INFO   - 20170512.140635 -   Writing to target file: 5.91 Kbyte(s) in < 1 sec [36.74 Mbyte/sec]
mars - INFO   - 20170512.140635 - Memory used: 30.83 Mbyte(s)
mars - INFO   - 20170512.140635 - No errors reported
Process '['nice', 'mars', '/tmp/tmp-_marsWtGK3R.req']' finished
Calling '['nice', 'grib_to_netcdf', '/data/data04/scratch/_mars-atls18-a562cefde8a29a7288fa0b8b7f9413f7-Sm0l0x.grib', '-o', '/data/data04/scratch/_grib2netcdf-atls17-a562cefde8a29a7288fa0b8b7f9413f7-uS8y9L.nc', '-utime']'
grib_to_netcdf: Version 2.2.0
grib_to_netcdf: Processing input file '/data/data04/scratch/_mars-atls18-a562cefde8a29a7288fa0b8b7f9413f7-Sm0l0x.grib'.
grib_to_netcdf: Found 48 GRIB fields in 1 file.
grib_to_netcdf: Ignoring key(s): method, type, stream, refdate, hdate
grib_to_netcdf: Creating netCDF file '/data/data04/scratch/_grib2netcdf-atls17-a562cefde8a29a7288fa0b8b7f9413f7-uS8y9L.nc'
grib_to_netcdf: NetCDF library version: 4.3.0 of Nov 24 2016 09:46:29 $
grib_to_netcdf: Creating large (64 bit) file format.
grib_to_netcdf: Defining variable 'ssrd'.
grib_to_netcdf: Done.
Process '['nice', 'grib_to_netcdf', '/data/data04/scratch/_mars-atls18-a562cefde8a29a7288fa0b8b7f9413f7-Sm0l0x.grib', '-o', '/data/data04/scratch/_grib2netcdf-atls17-a562cefde8a29a7288fa0b8b7f9413f7-uS8y9L.nc', '-utime']' finished
2017-05-12 16:06:37 Request is complete
2017-05-12 16:06:37 Transfering 2.20312 Kbytes into ssrd.nc
2017-05-12 16:06:37 From http://stream.ecmwf.int/data/atls17/data/data04/scratch/_grib2netcdf-atls17-a562cefde8a29a7288fa0b8b7f9413f7-uS8y9L.nc
2017-05-12 16:06:37 Transfer rate 26.1654 Kbytes/s
2017-05-12 16:06:37 ECMWF API python library 1.4.0
2017-05-12 16:06:37 ECMWF API at https://api.ecmwf.int/v1
2017-05-12 16:06:37 Welcome Joel Fiddes
2017-05-12 16:06:38 In case of problems, please check https://software.ecmwf.int/wiki/display/WEBAPI/Troubleshooting or contact calldesk@ecmwf.int
2017-05-12 16:06:38 
2017-05-12 16:06:38 Request is queued
Calling '['nice', 'mars', '/tmp/tmp-_marsj2kxEH.req']'
mars - WARN -
mars - WARN - From 9 February 2016 10AM (UTC) MARS uses versions of
mars - WARN - libemos newer than 4.3.0. For more details, see
mars - WARN - https://software.ecmwf.int/wiki/display/EMOS/Bug+fix+implemented+in+EMOSLIB+4.3.x
mars - WARN -
PPDIR is /var/tmp/ppdir/x86_64
mars - INFO   - 20170512.140640 - Welcome to MARS with ecCodes and ODB
mars - INFO   - 20170512.140640 - MARS Client build stamp: 20170306182930
mars - INFO   - 20170512.140640 - MARS Client version: 6.17.0
mars - INFO   - 20170512.140640 - EMOSLIB version: 446
mars - INFO   - 20170512.140640 - Using ecCodes version 2.1.0
mars - INFO   - 20170512.140640 - Using odb_api version: 0.15.4.1 (file format version: 0.5)
mars - INFO   - 20170512.140640 - Maximum retrieval size is 20.00 G
retrieve,stream=oper,area=46.75/9.25/46.25/9.75,levtype=sfc,param=228,step=3/6/9/12,grid=0.25/0.25,expver=0001,time=00/12,date=20130104/to/20130109,type=fc,class=ei,padding=0,expect=anymars - WARN   - 20170512.140640 - For full resolution grid, it is recommended to use RESOL=AV to prevent any truncation before transformation
mars - INFO   - 20170512.140640 - Automatic split by date is on

mars - INFO   - 20170512.140640 - Processing request 1

RETRIEVE,
    CLASS      = EI,
    TYPE       = FC,
    STREAM     = OPER,
    EXPVER     = 0001,
    REPRES     = SH,
    LEVTYPE    = SFC,
    PARAM      = 228,
    TIME       = 0000/1200,
    STEP       = 3/6/9/12,
    DOMAIN     = G,
    RESOL      = AUTO,
    AREA       = 46.75/9.25/46.25/9.75,
    GRID       = 0.25/0.25,
    PADDING    = 0,
    EXPECT     = ANY,
    DATE       = 20130104/20130105/20130106/20130107/20130108/20130109

mars - INFO   - 20170512.140640 - Web API request id: 5915c16eff29d0917c6b8d2f
mars - INFO   - 20170512.140640 - Requesting any number of fields (request describes 48)
mars - INFO   - 20170512.140640 - Calling mars on 'marser', callback on 38449
2017-05-12 16:06:45 Request is active
mars - INFO   - 20170512.140648 - Server task is 813 [marser]
mars - INFO   - 20170512.140648 - Request cost: 48 fields, 8.16174 Mbytes online, nodes: mvr02 [marser]
mars - INFO   - 20170512.140648 - Transfering 8558208 bytes
mars - INFO   - 20170512.140649 - 48 fields retrieved from 'marser'
mars - INFO   - 20170512.140649 - 48 fields have been interpolated
mars - INFO   - 20170512.140649 - Request time:  wall: 9 sec
mars - INFO   - 20170512.140649 -   Read from network: 8.16 Mbyte(s) in < 1 sec [11.43 Mbyte/sec]
mars - INFO   - 20170512.140649 -   Processing in marser: wall: 8 sec
mars - INFO   - 20170512.140649 -   Visiting marser: wall: 9 sec
mars - INFO   - 20170512.140649 -   Writing to target file: 5.91 Kbyte(s) in < 1 sec [40.33 Mbyte/sec]
mars - INFO   - 20170512.140649 - Memory used: 30.84 Mbyte(s)
mars - INFO   - 20170512.140649 - No errors reported
Process '['nice', 'mars', '/tmp/tmp-_marsj2kxEH.req']' finished
Calling '['nice', 'grib_to_netcdf', '/data/data04/scratch/_mars-atls20-a562cefde8a29a7288fa0b8b7f9413f7-Jz2Itl.grib', '-o', '/data/data04/scratch/_grib2netcdf-atls09-a562cefde8a29a7288fa0b8b7f9413f7-wTz0Ne.nc', '-utime']'
grib_to_netcdf: Version 2.2.0
grib_to_netcdf: Processing input file '/data/data04/scratch/_mars-atls20-a562cefde8a29a7288fa0b8b7f9413f7-Jz2Itl.grib'.
grib_to_netcdf: Found 48 GRIB fields in 1 file.
grib_to_netcdf: Ignoring key(s): method, type, stream, refdate, hdate
grib_to_netcdf: Creating netCDF file '/data/data04/scratch/_grib2netcdf-atls09-a562cefde8a29a7288fa0b8b7f9413f7-wTz0Ne.nc'
grib_to_netcdf: NetCDF library version: 4.3.0 of Nov 24 2016 09:46:39 $
grib_to_netcdf: Creating large (64 bit) file format.
grib_to_netcdf: Defining variable 'tp'.
grib_to_netcdf: Done.
Process '['nice', 'grib_to_netcdf', '/data/data04/scratch/_mars-atls20-a562cefde8a29a7288fa0b8b7f9413f7-Jz2Itl.grib', '-o', '/data/data04/scratch/_grib2netcdf-atls09-a562cefde8a29a7288fa0b8b7f9413f7-wTz0Ne.nc', '-utime']' finished
2017-05-12 16:06:50 Request is complete
2017-05-12 16:06:50 Transfering 2.11328 Kbytes into p.nc
2017-05-12 16:06:50 From http://stream.ecmwf.int/data/atls09/data/data04/scratch/_grib2netcdf-atls09-a562cefde8a29a7288fa0b8b7f9413f7-wTz0Ne.nc
2017-05-12 16:06:50 Transfer rate 26.869 Kbytes/s
2017-05-12 16:06:51 ECMWF API python library 1.4.0
2017-05-12 16:06:51 ECMWF API at https://api.ecmwf.int/v1
2017-05-12 16:06:51 Welcome Joel Fiddes
2017-05-12 16:06:51 In case of problems, please check https://software.ecmwf.int/wiki/display/WEBAPI/Troubleshooting or contact calldesk@ecmwf.int
2017-05-12 16:06:51 
2017-05-12 16:06:51 Request is queued
Calling '['nice', 'mars', '/tmp/tmp-_mars2qUSgV.req']'
mars - WARN -
mars - WARN - From 9 February 2016 10AM (UTC) MARS uses versions of
mars - WARN - libemos newer than 4.3.0. For more details, see
mars - WARN - https://software.ecmwf.int/wiki/display/EMOS/Bug+fix+implemented+in+EMOSLIB+4.3.x
mars - WARN -
PPDIR is /var/tmp/ppdir/x86_64
mars - INFO   - 20170512.140653 - Welcome to MARS with ecCodes and ODB
mars - INFO   - 20170512.140653 - MARS Client build stamp: 20170306182930
mars - INFO   - 20170512.140653 - MARS Client version: 6.17.0
mars - INFO   - 20170512.140653 - EMOSLIB version: 446
mars - INFO   - 20170512.140653 - Using ecCodes version 2.1.0
mars - INFO   - 20170512.140653 - Using odb_api version: 0.15.4.1 (file format version: 0.5)
mars - INFO   - 20170512.140653 - Maximum retrieval size is 20.00 G
retrieve,stream=oper,area=46.75/9.25/46.25/9.75,levtype=sfc,param=167,step=3/6/9/12,grid=0.25/0.25,expver=0001,time=00/12,date=20130104/to/20130109,type=fc,class=ei,padding=0,expect=anymars - WARN   - 20170512.140653 - For full resolution grid, it is recommended to use RESOL=AV to prevent any truncation before transformation
mars - INFO   - 20170512.140653 - Automatic split by date is on

mars - INFO   - 20170512.140653 - Processing request 1

RETRIEVE,
    CLASS      = EI,
    TYPE       = FC,
    STREAM     = OPER,
    EXPVER     = 0001,
    REPRES     = SH,
    LEVTYPE    = SFC,
    PARAM      = 167,
    TIME       = 0000/1200,
    STEP       = 3/6/9/12,
    DOMAIN     = G,
    RESOL      = AUTO,
    AREA       = 46.75/9.25/46.25/9.75,
    GRID       = 0.25/0.25,
    PADDING    = 0,
    EXPECT     = ANY,
    DATE       = 20130104/20130105/20130106/20130107/20130108/20130109

mars - INFO   - 20170512.140653 - Web API request id: 5915c17b6168506c5a9e4202
mars - INFO   - 20170512.140653 - Requesting any number of fields (request describes 48)
mars - INFO   - 20170512.140653 - Calling mars on 'marser', callback on 41359
2017-05-12 16:06:58 Request is active
mars - INFO   - 20170512.140701 - Server task is 832 [marser]
mars - INFO   - 20170512.140701 - Request cost: 48 fields, 8.16174 Mbytes online, nodes: mvr02 [marser]
mars - INFO   - 20170512.140701 - Transfering 8558208 bytes
mars - INFO   - 20170512.140702 - 48 fields retrieved from 'marser'
mars - INFO   - 20170512.140702 - 48 fields have been interpolated
mars - INFO   - 20170512.140702 - Request time:  wall: 9 sec
mars - INFO   - 20170512.140702 -   Read from network: 8.16 Mbyte(s) in < 1 sec [15.25 Mbyte/sec]
mars - INFO   - 20170512.140702 -   Processing in marser: wall: 8 sec
mars - INFO   - 20170512.140702 -   Visiting marser: wall: 9 sec
mars - INFO   - 20170512.140702 -   Writing to target file: 5.91 Kbyte(s) in < 1 sec [24.97 Mbyte/sec]
mars - INFO   - 20170512.140702 - Memory used: 30.84 Mbyte(s)
mars - INFO   - 20170512.140702 - No errors reported
Process '['nice', 'mars', '/tmp/tmp-_mars2qUSgV.req']' finished
Calling '['nice', 'grib_to_netcdf', '/data/data04/scratch/_mars-atls17-a562cefde8a29a7288fa0b8b7f9413f7-DfiJ7e.grib', '-o', '/data/data04/scratch/_grib2netcdf-atls18-a562cefde8a29a7288fa0b8b7f9413f7-DX34h0.nc', '-utime']'
grib_to_netcdf: Version 2.2.0
grib_to_netcdf: Processing input file '/data/data04/scratch/_mars-atls17-a562cefde8a29a7288fa0b8b7f9413f7-DfiJ7e.grib'.
grib_to_netcdf: Found 48 GRIB fields in 1 file.
grib_to_netcdf: Ignoring key(s): method, type, stream, refdate, hdate
grib_to_netcdf: Creating netCDF file '/data/data04/scratch/_grib2netcdf-atls18-a562cefde8a29a7288fa0b8b7f9413f7-DX34h0.nc'
grib_to_netcdf: NetCDF library version: 4.3.0 of Nov 24 2016 09:46:40 $
grib_to_netcdf: Creating large (64 bit) file format.
grib_to_netcdf: Defining variable 't2m'.
grib_to_netcdf: Done.
Process '['nice', 'grib_to_netcdf', '/data/data04/scratch/_mars-atls17-a562cefde8a29a7288fa0b8b7f9413f7-DfiJ7e.grib', '-o', '/data/data04/scratch/_grib2netcdf-atls18-a562cefde8a29a7288fa0b8b7f9413f7-DX34h0.nc', '-utime']' finished
2017-05-12 16:07:03 Request is complete
2017-05-12 16:07:03 Transfering 2.11328 Kbytes into t.nc
2017-05-12 16:07:03 From http://stream.ecmwf.int/data/atls18/data/data04/scratch/_grib2netcdf-atls18-a562cefde8a29a7288fa0b8b7f9413f7-DX34h0.nc
2017-05-12 16:07:03 Transfer rate 26.8862 Kbytes/s
2017-05-12 16:07:04 ECMWF API python library 1.4.0
2017-05-12 16:07:04 ECMWF API at https://api.ecmwf.int/v1
2017-05-12 16:07:04 Welcome Joel Fiddes
2017-05-12 16:07:04 In case of problems, please check https://software.ecmwf.int/wiki/display/WEBAPI/Troubleshooting or contact calldesk@ecmwf.int
2017-05-12 16:07:04 
2017-05-12 16:07:04 Request is queued
Calling '['nice', 'mars', '/tmp/tmp-_marshD6wqo.req']'
mars - WARN -
mars - WARN - From 9 February 2016 10AM (UTC) MARS uses versions of
mars - WARN - libemos newer than 4.3.0. For more details, see
mars - WARN - https://software.ecmwf.int/wiki/display/EMOS/Bug+fix+implemented+in+EMOSLIB+4.3.x
mars - WARN -
PPDIR is /var/tmp/ppdir/x86_64
mars - INFO   - 20170512.140707 - Welcome to MARS with ecCodes and ODB
mars - INFO   - 20170512.140707 - MARS Client build stamp: 20170306182930
mars - INFO   - 20170512.140707 - MARS Client version: 6.17.0
mars - INFO   - 20170512.140707 - EMOSLIB version: 446
mars - INFO   - 20170512.140707 - Using ecCodes version 2.1.0
mars - INFO   - 20170512.140707 - Using odb_api version: 0.15.4.1 (file format version: 0.5)
mars - INFO   - 20170512.140707 - Maximum retrieval size is 20.00 G
retrieve,stream=oper,area=46.75/9.25/46.25/9.75,levtype=sfc,param=212,step=3/6/9/12,grid=0.25/0.25,expver=0001,time=00/12,date=20130104/to/20130109,type=fc,class=ei,padding=0,expect=anymars - WARN   - 20170512.140707 - For full resolution grid, it is recommended to use RESOL=AV to prevent any truncation before transformation
mars - INFO   - 20170512.140707 - Automatic split by date is on

mars - INFO   - 20170512.140707 - Processing request 1

RETRIEVE,
    CLASS      = EI,
    TYPE       = FC,
    STREAM     = OPER,
    EXPVER     = 0001,
    REPRES     = SH,
    LEVTYPE    = SFC,
    PARAM      = 212,
    TIME       = 0000/1200,
    STEP       = 3/6/9/12,
    DOMAIN     = G,
    RESOL      = AUTO,
    AREA       = 46.75/9.25/46.25/9.75,
    GRID       = 0.25/0.25,
    PADDING    = 0,
    EXPECT     = ANY,
    DATE       = 20130104/20130105/20130106/20130107/20130108/20130109

mars - INFO   - 20170512.140707 - Web API request id: 5915c1881fd472c2c69c70d7
mars - INFO   - 20170512.140707 - Requesting any number of fields (request describes 48)
mars - INFO   - 20170512.140707 - Calling mars on 'marser', callback on 35212
2017-05-12 16:07:11 Request is active
mars - INFO   - 20170512.140720 - Server task is 906 [marser]
mars - INFO   - 20170512.140720 - Request cost: 48 fields, 8.16174 Mbytes online, nodes: mvr02 [marser]
mars - INFO   - 20170512.140720 - Transfering 8558208 bytes
mars - INFO   - 20170512.140721 - 48 fields retrieved from 'marser'
mars - INFO   - 20170512.140721 - 48 fields have been interpolated
mars - INFO   - 20170512.140721 - Request time:  wall: 14 sec
mars - INFO   - 20170512.140721 -   Read from network: 8.16 Mbyte(s) in < 1 sec [13.56 Mbyte/sec]
mars - INFO   - 20170512.140721 -   Processing in marser: wall: 13 sec
mars - INFO   - 20170512.140721 -   Visiting marser: wall: 14 sec
mars - INFO   - 20170512.140721 -   Writing to target file: 5.91 Kbyte(s) in < 1 sec [32.22 Mbyte/sec]
mars - INFO   - 20170512.140721 - Memory used: 30.83 Mbyte(s)
mars - INFO   - 20170512.140721 - No errors reported
Process '['nice', 'mars', '/tmp/tmp-_marshD6wqo.req']' finished
Calling '['nice', 'grib_to_netcdf', '/data/data04/scratch/_mars-atls01-a562cefde8a29a7288fa0b8b7f9413f7-17sOxn.grib', '-o', '/data/data04/scratch/_grib2netcdf-atls01-a562cefde8a29a7288fa0b8b7f9413f7-Nt5UNg.nc', '-utime']'
grib_to_netcdf: Version 2.2.0
grib_to_netcdf: Processing input file '/data/data04/scratch/_mars-atls01-a562cefde8a29a7288fa0b8b7f9413f7-17sOxn.grib'.
grib_to_netcdf: Found 48 GRIB fields in 1 file.
grib_to_netcdf: Ignoring key(s): method, type, stream, refdate, hdate
grib_to_netcdf: Creating netCDF file '/data/data04/scratch/_grib2netcdf-atls01-a562cefde8a29a7288fa0b8b7f9413f7-Nt5UNg.nc'
grib_to_netcdf: NetCDF library version: 4.3.0 of Nov 24 2016 09:46:41 $
grib_to_netcdf: Creating large (64 bit) file format.
grib_to_netcdf: Defining variable 'tisr'.
grib_to_netcdf: Done.
Process '['nice', 'grib_to_netcdf', '/data/data04/scratch/_mars-atls01-a562cefde8a29a7288fa0b8b7f9413f7-17sOxn.grib', '-o', '/data/data04/scratch/_grib2netcdf-atls01-a562cefde8a29a7288fa0b8b7f9413f7-Nt5UNg.nc', '-utime']' finished
2017-05-12 16:07:27 Request is complete
2017-05-12 16:07:27 Transfering 2.125 Kbytes into toa.nc
2017-05-12 16:07:27 From http://stream.ecmwf.int/data/atls01/data/data04/scratch/_grib2netcdf-atls01-a562cefde8a29a7288fa0b8b7f9413f7-Nt5UNg.nc
2017-05-12 16:07:27 Transfer rate 26.912 Kbytes/s
2017-05-12 16:07:27 ECMWF API python library 1.4.0
2017-05-12 16:07:27 ECMWF API at https://api.ecmwf.int/v1
2017-05-12 16:07:28 Welcome Joel Fiddes
2017-05-12 16:07:28 In case of problems, please check https://software.ecmwf.int/wiki/display/WEBAPI/Troubleshooting or contact calldesk@ecmwf.int
2017-05-12 16:07:28 
2017-05-12 16:07:28 Request is queued
Calling '['nice', 'mars', '/tmp/tmp-_marsGaB5qw.req']'
mars - WARN -
mars - WARN - From 9 February 2016 10AM (UTC) MARS uses versions of
mars - WARN - libemos newer than 4.3.0. For more details, see
mars - WARN - https://software.ecmwf.int/wiki/display/EMOS/Bug+fix+implemented+in+EMOSLIB+4.3.x
mars - WARN -
PPDIR is /var/tmp/ppdir/x86_64
mars - INFO   - 20170512.140730 - Welcome to MARS with ecCodes and ODB
mars - INFO   - 20170512.140730 - MARS Client build stamp: 20170306182930
mars - INFO   - 20170512.140730 - MARS Client version: 6.17.0
mars - INFO   - 20170512.140730 - EMOSLIB version: 446
mars - INFO   - 20170512.140730 - Using ecCodes version 2.1.0
mars - INFO   - 20170512.140730 - Using odb_api version: 0.15.4.1 (file format version: 0.5)
mars - INFO   - 20170512.140730 - Maximum retrieval size is 20.00 G
retrieve,stream=oper,levelist=500/650/775/850/925/1000,area=46.75/9.25/46.25/9.75,levtype=pl,param=129,step=0,grid=0.25/0.25,expver=0001,time=00/06/12/18,date=20130104/to/20130109,type=an,class=ei,padding=0,expect=anymars - WARN   - 20170512.140730 - For full resolution grid, it is recommended to use RESOL=AV to prevent any truncation before transformation
mars - INFO   - 20170512.140730 - Automatic split by date is on

mars - INFO   - 20170512.140730 - Processing request 1

RETRIEVE,
    CLASS      = EI,
    TYPE       = AN,
    STREAM     = OPER,
    EXPVER     = 0001,
    REPRES     = SH,
    LEVTYPE    = PL,
    LEVELIST   = 500/650/775/850/925/1000,
    PARAM      = 129,
    TIME       = 0000/0600/1200/1800,
    STEP       = 0,
    DOMAIN     = G,
    RESOL      = AUTO,
    AREA       = 46.75/9.25/46.25/9.75,
    GRID       = 0.25/0.25,
    PADDING    = 0,
    EXPECT     = ANY,
    DATE       = 20130104/20130105/20130106/20130107/20130108/20130109

mars - INFO   - 20170512.140730 - Web API request id: 5915c1a06168506c579e41dc
mars - INFO   - 20170512.140730 - Requesting any number of fields (request describes 144)
mars - INFO   - 20170512.140730 - Calling mars on 'marser', callback on 38668
2017-05-12 16:07:35 Request is active
mars - INFO   - 20170512.140740 - Server task is 503 [marser]
mars - INFO   - 20170512.140740 - Request cost: 144 fields, 18.2129 Mbytes online, nodes: mvr02 [marser]
mars - INFO   - 20170512.140740 - Transfering 19097568 bytes
mars - WARN   - 20170512.140742 - INTFB: Resolution automatically set to  799
mars - WARN   - 20170512.140742 - INTFB: Automatic resolution selectn too high:
mars - WARN   - 20170512.140742 - INTFB: Resolution reset to input resolution:  255
mars - INFO   - 20170512.140742 - 144 fields retrieved from 'marser'
mars - INFO   - 20170512.140742 - 144 fields have been interpolated
mars - INFO   - 20170512.140742 - Request time:  wall: 12 sec
mars - INFO   - 20170512.140742 -   Read from network: 18.21 Mbyte(s) in 2 sec  [8.81 Mbyte/sec]
mars - INFO   - 20170512.140742 -   Processing in marser: wall: 9 sec
mars - INFO   - 20170512.140742 -   Visiting marser: wall: 12 sec
mars - INFO   - 20170512.140742 -   Writing to target file: 17.72 Kbyte(s) in < 1 sec [41.50 Mbyte/sec]
mars - INFO   - 20170512.140742 - Memory used: 30.90 Mbyte(s)
mars - INFO   - 20170512.140742 - No errors reported
Process '['nice', 'mars', '/tmp/tmp-_marsGaB5qw.req']' finished
Calling '['nice', 'grib_to_netcdf', '/data/data04/scratch/_mars-atls18-a562cefde8a29a7288fa0b8b7f9413f7-VO4hxh.grib', '-o', '/data/data04/scratch/_grib2netcdf-atls00-a562cefde8a29a7288fa0b8b7f9413f7-WwVwvD.nc', '-utime']'
grib_to_netcdf: Version 2.2.0
grib_to_netcdf: Processing input file '/data/data04/scratch/_mars-atls18-a562cefde8a29a7288fa0b8b7f9413f7-VO4hxh.grib'.
grib_to_netcdf: Found 144 GRIB fields in 1 file.
grib_to_netcdf: Ignoring key(s): method, type, stream, refdate, hdate
grib_to_netcdf: Creating netCDF file '/data/data04/scratch/_grib2netcdf-atls00-a562cefde8a29a7288fa0b8b7f9413f7-WwVwvD.nc'
grib_to_netcdf: NetCDF library version: 4.3.0 of Nov 24 2016 09:46:40 $
grib_to_netcdf: Creating large (64 bit) file format.
grib_to_netcdf: Defining variable 'z'.
grib_to_netcdf: Done.
Process '['nice', 'grib_to_netcdf', '/data/data04/scratch/_mars-atls18-a562cefde8a29a7288fa0b8b7f9413f7-VO4hxh.grib', '-o', '/data/data04/scratch/_grib2netcdf-atls00-a562cefde8a29a7288fa0b8b7f9413f7-WwVwvD.nc', '-utime']' finished
2017-05-12 16:07:45 Request is complete
2017-05-12 16:07:45 Transfering 3.80859 Kbytes into gpot.nc
2017-05-12 16:07:45 From http://stream.ecmwf.int/data/atls00/data/data04/scratch/_grib2netcdf-atls00-a562cefde8a29a7288fa0b8b7f9413f7-WwVwvD.nc
2017-05-12 16:07:45 Transfer rate 48.182 Kbytes/s
2017-05-12 16:07:46 ECMWF API python library 1.4.0
2017-05-12 16:07:46 ECMWF API at https://api.ecmwf.int/v1
2017-05-12 16:07:46 Welcome Joel Fiddes
2017-05-12 16:07:46 In case of problems, please check https://software.ecmwf.int/wiki/display/WEBAPI/Troubleshooting or contact calldesk@ecmwf.int
2017-05-12 16:07:46 
2017-05-12 16:07:46 Request is queued
Calling '['nice', 'mars', '/tmp/tmp-_marsQorLI5.req']'
mars - WARN -
mars - WARN - From 9 February 2016 10AM (UTC) MARS uses versions of
mars - WARN - libemos newer than 4.3.0. For more details, see
mars - WARN - https://software.ecmwf.int/wiki/display/EMOS/Bug+fix+implemented+in+EMOSLIB+4.3.x
mars - WARN -
PPDIR is /var/tmp/ppdir/x86_64
mars - INFO   - 20170512.140748 - Welcome to MARS with ecCodes and ODB
mars - INFO   - 20170512.140748 - MARS Client build stamp: 20170306182930
mars - INFO   - 20170512.140748 - MARS Client version: 6.17.0
mars - INFO   - 20170512.140748 - EMOSLIB version: 446
mars - INFO   - 20170512.140748 - Using ecCodes version 2.1.0
mars - INFO   - 20170512.140748 - Using odb_api version: 0.15.4.1 (file format version: 0.5)
mars - INFO   - 20170512.140748 - Maximum retrieval size is 20.00 G
retrieve,stream=oper,levelist=500/650/775/850/925/1000,area=46.75/9.25/46.25/9.75,levtype=pl,param=130,step=0,grid=0.25/0.25,expver=0001,time=00/06/12/18,date=20130104/to/20130109,type=an,class=ei,padding=0,expect=anymars - WARN   - 20170512.140748 - For full resolution grid, it is recommended to use RESOL=AV to prevent any truncation before transformation
mars - INFO   - 20170512.140748 - Automatic split by date is on

mars - INFO   - 20170512.140748 - Processing request 1

RETRIEVE,
    CLASS      = EI,
    TYPE       = AN,
    STREAM     = OPER,
    EXPVER     = 0001,
    REPRES     = SH,
    LEVTYPE    = PL,
    LEVELIST   = 500/650/775/850/925/1000,
    PARAM      = 130,
    TIME       = 0000/0600/1200/1800,
    STEP       = 0,
    DOMAIN     = G,
    RESOL      = AUTO,
    AREA       = 46.75/9.25/46.25/9.75,
    GRID       = 0.25/0.25,
    PADDING    = 0,
    EXPECT     = ANY,
    DATE       = 20130104/20130105/20130106/20130107/20130108/20130109

mars - INFO   - 20170512.140748 - Web API request id: 5915c1b26168506c359e41fc
mars - INFO   - 20170512.140748 - Requesting any number of fields (request describes 144)
mars - INFO   - 20170512.140748 - Calling mars on 'marser', callback on 45174
2017-05-12 16:07:53 Request is active
mars - INFO   - 20170512.140758 - Server task is 302 [marser]
mars - INFO   - 20170512.140758 - Request cost: 144 fields, 18.2129 Mbytes online, nodes: mvr02 [marser]
mars - INFO   - 20170512.140758 - Transfering 19097568 bytes
mars - WARN   - 20170512.140801 - INTFB: Resolution automatically set to  799
mars - WARN   - 20170512.140801 - INTFB: Automatic resolution selectn too high:
mars - WARN   - 20170512.140801 - INTFB: Resolution reset to input resolution:  255
mars - INFO   - 20170512.140801 - 144 fields retrieved from 'marser'
mars - INFO   - 20170512.140801 - 144 fields have been interpolated
mars - INFO   - 20170512.140801 - Request time:  wall: 14 sec
mars - INFO   - 20170512.140801 -   Read from network: 18.21 Mbyte(s) in 3 sec  [6.19 Mbyte/sec]
mars - INFO   - 20170512.140801 -   Processing in marser: wall: 10 sec
mars - INFO   - 20170512.140801 -   Visiting marser: wall: 13 sec
mars - INFO   - 20170512.140801 -   Writing to target file: 17.72 Kbyte(s) in < 1 sec [36.05 Mbyte/sec]
mars - INFO   - 20170512.140801 - Memory used: 30.92 Mbyte(s)
mars - INFO   - 20170512.140801 - No errors reported
Process '['nice', 'mars', '/tmp/tmp-_marsQorLI5.req']' finished
Calling '['nice', 'grib_to_netcdf', '/data/data04/scratch/_mars-atls00-a562cefde8a29a7288fa0b8b7f9413f7-7A_IYM.grib', '-o', '/data/data04/scratch/_grib2netcdf-atls09-a562cefde8a29a7288fa0b8b7f9413f7-n137kD.nc', '-utime']'
grib_to_netcdf: Version 2.2.0
grib_to_netcdf: Processing input file '/data/data04/scratch/_mars-atls00-a562cefde8a29a7288fa0b8b7f9413f7-7A_IYM.grib'.
grib_to_netcdf: Found 144 GRIB fields in 1 file.
grib_to_netcdf: Ignoring key(s): method, type, stream, refdate, hdate
grib_to_netcdf: Creating netCDF file '/data/data04/scratch/_grib2netcdf-atls09-a562cefde8a29a7288fa0b8b7f9413f7-n137kD.nc'
grib_to_netcdf: NetCDF library version: 4.3.0 of Nov 24 2016 09:46:39 $
grib_to_netcdf: Creating large (64 bit) file format.
grib_to_netcdf: Defining variable 't'.
grib_to_netcdf: Done.
Process '['nice', 'grib_to_netcdf', '/data/data04/scratch/_mars-atls00-a562cefde8a29a7288fa0b8b7f9413f7-7A_IYM.grib', '-o', '/data/data04/scratch/_grib2netcdf-atls09-a562cefde8a29a7288fa0b8b7f9413f7-n137kD.nc', '-utime']' finished
2017-05-12 16:08:04 Request is complete
2017-05-12 16:08:04 Transfering 3.80469 Kbytes into tpl.nc
2017-05-12 16:08:04 From http://stream.ecmwf.int/data/atls09/data/data04/scratch/_grib2netcdf-atls09-a562cefde8a29a7288fa0b8b7f9413f7-n137kD.nc
2017-05-12 16:08:04 Transfer rate 48.0798 Kbytes/s
2017-05-12 16:08:04 ECMWF API python library 1.4.0
2017-05-12 16:08:04 ECMWF API at https://api.ecmwf.int/v1
2017-05-12 16:08:04 Welcome Joel Fiddes
2017-05-12 16:08:05 In case of problems, please check https://software.ecmwf.int/wiki/display/WEBAPI/Troubleshooting or contact calldesk@ecmwf.int
2017-05-12 16:08:05 
2017-05-12 16:08:05 Request is queued
Calling '['nice', 'mars', '/tmp/tmp-_mars0QhDFX.req']'
mars - WARN -
mars - WARN - From 9 February 2016 10AM (UTC) MARS uses versions of
mars - WARN - libemos newer than 4.3.0. For more details, see
mars - WARN - https://software.ecmwf.int/wiki/display/EMOS/Bug+fix+implemented+in+EMOSLIB+4.3.x
mars - WARN -
PPDIR is /var/tmp/ppdir/x86_64
mars - INFO   - 20170512.140807 - Welcome to MARS with ecCodes and ODB
mars - INFO   - 20170512.140807 - MARS Client build stamp: 20170306182930
mars - INFO   - 20170512.140807 - MARS Client version: 6.17.0
mars - INFO   - 20170512.140807 - EMOSLIB version: 446
mars - INFO   - 20170512.140807 - Using ecCodes version 2.1.0
mars - INFO   - 20170512.140807 - Using odb_api version: 0.15.4.1 (file format version: 0.5)
mars - INFO   - 20170512.140807 - Maximum retrieval size is 20.00 G
retrieve,stream=oper,levelist=500/650/775/850/925/1000,area=46.75/9.25/46.25/9.75,levtype=pl,param=157,step=0,grid=0.25/0.25,expver=0001,time=00/06/12/18,date=20130104/to/20130109,type=an,class=ei,padding=0,expect=anymars - WARN   - 20170512.140807 - For full resolution grid, it is recommended to use RESOL=AV to prevent any truncation before transformation
mars - INFO   - 20170512.140807 - Automatic split by date is on

mars - INFO   - 20170512.140807 - Processing request 1

RETRIEVE,
    CLASS      = EI,
    TYPE       = AN,
    STREAM     = OPER,
    EXPVER     = 0001,
    REPRES     = SH,
    LEVTYPE    = PL,
    LEVELIST   = 500/650/775/850/925/1000,
    PARAM      = 157,
    TIME       = 0000/0600/1200/1800,
    STEP       = 0,
    DOMAIN     = G,
    RESOL      = AUTO,
    AREA       = 46.75/9.25/46.25/9.75,
    GRID       = 0.25/0.25,
    PADDING    = 0,
    EXPECT     = ANY,
    DATE       = 20130104/20130105/20130106/20130107/20130108/20130109

mars - INFO   - 20170512.140807 - Web API request id: 5915c1c574a7fb79fbc888de
mars - INFO   - 20170512.140807 - Requesting any number of fields (request describes 144)
mars - INFO   - 20170512.140807 - Calling mars on 'marser', callback on 34102
mars - INFO   - 20170512.140811 - Server task is 176 [marser]
mars - INFO   - 20170512.140811 - Request cost: 144 fields, 18.2129 Mbytes online, nodes: mvr02 [marser]
mars - INFO   - 20170512.140811 - Transfering 19097568 bytes
2017-05-12 16:08:11 Request is active
mars - WARN   - 20170512.140814 - INTFB: Resolution automatically set to  799
mars - WARN   - 20170512.140814 - INTFB: Automatic resolution selectn too high:
mars - WARN   - 20170512.140814 - INTFB: Resolution reset to input resolution:  255
mars - INFO   - 20170512.140815 - 144 fields retrieved from 'marser'
mars - INFO   - 20170512.140815 - 144 fields have been interpolated
mars - INFO   - 20170512.140815 - Request time:  wall: 7 sec
mars - INFO   - 20170512.140815 -   Read from network: 18.21 Mbyte(s) in 2 sec  [7.37 Mbyte/sec]
mars - INFO   - 20170512.140815 -   Processing in marser: wall: 4 sec
mars - INFO   - 20170512.140815 -   Visiting marser: wall: 7 sec
mars - INFO   - 20170512.140815 -   Writing to target file: 17.72 Kbyte(s) in < 1 sec [54.93 Mbyte/sec]
mars - INFO   - 20170512.140815 - Memory used: 30.91 Mbyte(s)
mars - INFO   - 20170512.140815 - No errors reported
Process '['nice', 'mars', '/tmp/tmp-_mars0QhDFX.req']' finished
Calling '['nice', 'grib_to_netcdf', '/data/data04/scratch/_mars-atls02-a562cefde8a29a7288fa0b8b7f9413f7-kPYCVl.grib', '-o', '/data/data04/scratch/_grib2netcdf-atls00-a562cefde8a29a7288fa0b8b7f9413f7-tZWCV9.nc', '-utime']'
grib_to_netcdf: Version 2.2.0
grib_to_netcdf: Processing input file '/data/data04/scratch/_mars-atls02-a562cefde8a29a7288fa0b8b7f9413f7-kPYCVl.grib'.
grib_to_netcdf: Found 144 GRIB fields in 1 file.
grib_to_netcdf: Ignoring key(s): method, type, stream, refdate, hdate
grib_to_netcdf: Creating netCDF file '/data/data04/scratch/_grib2netcdf-atls00-a562cefde8a29a7288fa0b8b7f9413f7-tZWCV9.nc'
grib_to_netcdf: NetCDF library version: 4.3.0 of Nov 24 2016 09:46:40 $
grib_to_netcdf: Creating large (64 bit) file format.
grib_to_netcdf: Defining variable 'r'.
grib_to_netcdf: Done.
Process '['nice', 'grib_to_netcdf', '/data/data04/scratch/_mars-atls02-a562cefde8a29a7288fa0b8b7f9413f7-kPYCVl.grib', '-o', '/data/data04/scratch/_grib2netcdf-atls00-a562cefde8a29a7288fa0b8b7f9413f7-tZWCV9.nc', '-utime']' finished
2017-05-12 16:08:17 Request is complete
2017-05-12 16:08:17 Transfering 3.81641 Kbytes into rhpl.nc
2017-05-12 16:08:17 From http://stream.ecmwf.int/data/atls00/data/data04/scratch/_grib2netcdf-atls00-a562cefde8a29a7288fa0b8b7f9413f7-tZWCV9.nc
2017-05-12 16:08:17 Transfer rate 46.9186 Kbytes/s
2017-05-12 16:08:17 ECMWF API python library 1.4.0
2017-05-12 16:08:17 ECMWF API at https://api.ecmwf.int/v1
2017-05-12 16:08:17 Welcome Joel Fiddes
2017-05-12 16:08:18 In case of problems, please check https://software.ecmwf.int/wiki/display/WEBAPI/Troubleshooting or contact calldesk@ecmwf.int
2017-05-12 16:08:18 
2017-05-12 16:08:18 Request is queued
Calling '['nice', 'mars', '/tmp/tmp-_marsyZ_mA0.req']'
mars - WARN -
mars - WARN - From 9 February 2016 10AM (UTC) MARS uses versions of
mars - WARN - libemos newer than 4.3.0. For more details, see
mars - WARN - https://software.ecmwf.int/wiki/display/EMOS/Bug+fix+implemented+in+EMOSLIB+4.3.x
mars - WARN -
PPDIR is /var/tmp/ppdir/x86_64
mars - INFO   - 20170512.140820 - Welcome to MARS with ecCodes and ODB
mars - INFO   - 20170512.140820 - MARS Client build stamp: 20170306182930
mars - INFO   - 20170512.140820 - MARS Client version: 6.17.0
mars - INFO   - 20170512.140820 - EMOSLIB version: 446
mars - INFO   - 20170512.140820 - Using ecCodes version 2.1.0
mars - INFO   - 20170512.140820 - Using odb_api version: 0.15.4.1 (file format version: 0.5)
mars - INFO   - 20170512.140820 - Maximum retrieval size is 20.00 G
retrieve,stream=oper,levelist=500/650/775/850/925/1000,area=46.75/9.25/46.25/9.75,levtype=pl,param=131,step=0,grid=0.25/0.25,expver=0001,time=00/06/12/18,date=20130104/to/20130109,type=an,class=ei,padding=0,expect=anymars - WARN   - 20170512.140820 - For full resolution grid, it is recommended to use RESOL=AV to prevent any truncation before transformation
mars - INFO   - 20170512.140820 - Automatic split by date is on

mars - INFO   - 20170512.140820 - Processing request 1

RETRIEVE,
    CLASS      = EI,
    TYPE       = AN,
    STREAM     = OPER,
    EXPVER     = 0001,
    REPRES     = SH,
    LEVTYPE    = PL,
    LEVELIST   = 500/650/775/850/925/1000,
    PARAM      = 131,
    TIME       = 0000/0600/1200/1800,
    STEP       = 0,
    DOMAIN     = G,
    RESOL      = AUTO,
    AREA       = 46.75/9.25/46.25/9.75,
    GRID       = 0.25/0.25,
    PADDING    = 0,
    EXPECT     = ANY,
    DATE       = 20130104/20130105/20130106/20130107/20130108/20130109

mars - INFO   - 20170512.140820 - Web API request id: 5915c1d274a7fb7a13c88900
mars - INFO   - 20170512.140820 - Requesting any number of fields (request describes 144)
mars - INFO   - 20170512.140820 - Calling mars on 'marser', callback on 38753
mars - INFO   - 20170512.140828 - Server task is 323 [marser]
mars - INFO   - 20170512.140828 - Request cost: 288 fields, 36.4257 Mbytes online, nodes: mvr02 [marser]
mars - INFO   - 20170512.140828 - Wind conversion requested by server
mars - INFO   - 20170512.140828 - Transfering 38195136 bytes
2017-05-12 16:08:28 Request is active
mars - INFO   - 20170512.140831 - Deriving U and V from vorticity and divergence
mars - WARN   - 20170512.140831 - INTUVU: Resolution automatically set to  799
mars - WARN   - 20170512.140831 - INTUVU: Automatic resolution selectn too high
mars - WARN   - 20170512.140831 - INTUVU: Resolution reset to input resolution:  255
mars - INFO   - 20170512.140833 - 144 fields retrieved from 'marser'
mars - INFO   - 20170512.140833 - 288 fields have been interpolated
mars - INFO   - 20170512.140833 - Request time:  wall: 13 sec  cpu: 1 sec
mars - INFO   - 20170512.140833 -   Read from network: 36.43 Mbyte(s) in 3 sec  [12.49 Mbyte/sec]
mars - INFO   - 20170512.140833 -   Processing in marser: wall: 8 sec
mars - INFO   - 20170512.140833 -   Visiting marser: wall: 13 sec
mars - INFO   - 20170512.140833 -   Post-processing: wall: 1 sec cpu: 1 sec
mars - INFO   - 20170512.140833 -   Writing to target file: 17.72 Kbyte(s) in < 1 sec [37.21 Mbyte/sec]
mars - INFO   - 20170512.140833 - Memory used: 34.83 Mbyte(s)
mars - INFO   - 20170512.140833 - No errors reported
Process '['nice', 'mars', '/tmp/tmp-_marsyZ_mA0.req']' finished
Calling '['nice', 'grib_to_netcdf', '/data/data04/scratch/_mars-atls20-a562cefde8a29a7288fa0b8b7f9413f7-3PhJ3U.grib', '-o', '/data/data04/scratch/_grib2netcdf-atls01-a562cefde8a29a7288fa0b8b7f9413f7-kDAxct.nc', '-utime']'
grib_to_netcdf: Version 2.2.0
grib_to_netcdf: Processing input file '/data/data04/scratch/_mars-atls20-a562cefde8a29a7288fa0b8b7f9413f7-3PhJ3U.grib'.
grib_to_netcdf: Found 144 GRIB fields in 1 file.
grib_to_netcdf: Ignoring key(s): method, type, stream, refdate, hdate
grib_to_netcdf: Creating netCDF file '/data/data04/scratch/_grib2netcdf-atls01-a562cefde8a29a7288fa0b8b7f9413f7-kDAxct.nc'
grib_to_netcdf: NetCDF library version: 4.3.0 of Nov 24 2016 09:46:41 $
grib_to_netcdf: Creating large (64 bit) file format.
grib_to_netcdf: Defining variable 'u'.
grib_to_netcdf: Done.
Process '['nice', 'grib_to_netcdf', '/data/data04/scratch/_mars-atls20-a562cefde8a29a7288fa0b8b7f9413f7-3PhJ3U.grib', '-o', '/data/data04/scratch/_grib2netcdf-atls01-a562cefde8a29a7288fa0b8b7f9413f7-kDAxct.nc', '-utime']' finished
2017-05-12 16:08:39 Request is complete
2017-05-12 16:08:39 Transfering 3.81641 Kbytes into upl.nc
2017-05-12 16:08:39 From http://stream.ecmwf.int/data/atls01/data/data04/scratch/_grib2netcdf-atls01-a562cefde8a29a7288fa0b8b7f9413f7-kDAxct.nc
2017-05-12 16:08:39 Transfer rate 42.4418 Kbytes/s
2017-05-12 16:08:39 ECMWF API python library 1.4.0
2017-05-12 16:08:39 ECMWF API at https://api.ecmwf.int/v1
2017-05-12 16:08:39 Welcome Joel Fiddes
2017-05-12 16:08:40 In case of problems, please check https://software.ecmwf.int/wiki/display/WEBAPI/Troubleshooting or contact calldesk@ecmwf.int
2017-05-12 16:08:40 
2017-05-12 16:08:40 Request is queued
Calling '['nice', 'mars', '/tmp/tmp-_mars88njXu.req']'
mars - WARN -
mars - WARN - From 9 February 2016 10AM (UTC) MARS uses versions of
mars - WARN - libemos newer than 4.3.0. For more details, see
mars - WARN - https://software.ecmwf.int/wiki/display/EMOS/Bug+fix+implemented+in+EMOSLIB+4.3.x
mars - WARN -
PPDIR is /var/tmp/ppdir/x86_64
mars - INFO   - 20170512.140841 - Welcome to MARS with ecCodes and ODB
mars - INFO   - 20170512.140841 - MARS Client build stamp: 20170306182930
mars - INFO   - 20170512.140841 - MARS Client version: 6.17.0
mars - INFO   - 20170512.140841 - EMOSLIB version: 446
mars - INFO   - 20170512.140841 - Using ecCodes version 2.1.0
mars - INFO   - 20170512.140841 - Using odb_api version: 0.15.4.1 (file format version: 0.5)
mars - INFO   - 20170512.140841 - Maximum retrieval size is 20.00 G
retrieve,stream=oper,levelist=500/650/775/850/925/1000,area=46.75/9.25/46.25/9.75,levtype=pl,param=132,step=0,grid=0.25/0.25,expver=0001,time=00/06/12/18,date=20130104/to/20130109,type=an,class=ei,padding=0,expect=anymars - WARN   - 20170512.140841 - For full resolution grid, it is recommended to use RESOL=AV to prevent any truncation before transformation
mars - INFO   - 20170512.140841 - Automatic split by date is on

mars - INFO   - 20170512.140841 - Processing request 1

RETRIEVE,
    CLASS      = EI,
    TYPE       = AN,
    STREAM     = OPER,
    EXPVER     = 0001,
    REPRES     = SH,
    LEVTYPE    = PL,
    LEVELIST   = 500/650/775/850/925/1000,
    PARAM      = 132,
    TIME       = 0000/0600/1200/1800,
    STEP       = 0,
    DOMAIN     = G,
    RESOL      = AUTO,
    AREA       = 46.75/9.25/46.25/9.75,
    GRID       = 0.25/0.25,
    PADDING    = 0,
    EXPECT     = ANY,
    DATE       = 20130104/20130105/20130106/20130107/20130108/20130109

mars - INFO   - 20170512.140841 - Web API request id: 5915c1e8f7414dd3e05db4cb
mars - INFO   - 20170512.140841 - Requesting any number of fields (request describes 144)
mars - INFO   - 20170512.140841 - Calling mars on 'marser', callback on 50500
mars - INFO   - 20170512.140843 - Server task is 832 [marser]
mars - INFO   - 20170512.140843 - Request cost: 288 fields, 36.4257 Mbytes online, nodes: mvr02 [marser]
mars - INFO   - 20170512.140843 - Wind conversion requested by server
mars - INFO   - 20170512.140843 - Transfering 38195136 bytes
mars - INFO   - 20170512.140843 - Deriving U and V from vorticity and divergence
mars - WARN   - 20170512.140843 - INTUVU: Resolution automatically set to  799
mars - WARN   - 20170512.140843 - INTUVU: Automatic resolution selectn too high
mars - WARN   - 20170512.140843 - INTUVU: Resolution reset to input resolution:  255
2017-05-12 16:08:45 Request is active
mars - INFO   - 20170512.140845 - 144 fields retrieved from 'marser'
mars - INFO   - 20170512.140845 - 288 fields have been interpolated
mars - INFO   - 20170512.140845 - Request time:  wall: 4 sec  cpu: 1 sec
mars - INFO   - 20170512.140845 -   Read from network: 36.43 Mbyte(s) in < 1 sec [1.23 Gbyte/sec]
mars - INFO   - 20170512.140845 -   Processing in marser: wall: 2 sec
mars - INFO   - 20170512.140845 -   Visiting marser: wall: 4 sec
mars - INFO   - 20170512.140845 -   Post-processing: wall: 1 sec cpu: 1 sec
mars - INFO   - 20170512.140845 -   Writing to target file: 17.72 Kbyte(s) in < 1 sec [39.87 Mbyte/sec]
mars - INFO   - 20170512.140845 - Memory used: 34.82 Mbyte(s)
mars - INFO   - 20170512.140845 - No errors reported
Process '['nice', 'mars', '/tmp/tmp-_mars88njXu.req']' finished
Calling '['nice', 'grib_to_netcdf', '/data/data04/scratch/_mars-atls20-a562cefde8a29a7288fa0b8b7f9413f7-w_qzc6.grib', '-o', '/data/data04/scratch/_grib2netcdf-atls00-a562cefde8a29a7288fa0b8b7f9413f7-x_PI1O.nc', '-utime']'
grib_to_netcdf: Version 2.2.0
grib_to_netcdf: Processing input file '/data/data04/scratch/_mars-atls20-a562cefde8a29a7288fa0b8b7f9413f7-w_qzc6.grib'.
grib_to_netcdf: Found 144 GRIB fields in 1 file.
grib_to_netcdf: Ignoring key(s): method, type, stream, refdate, hdate
grib_to_netcdf: Creating netCDF file '/data/data04/scratch/_grib2netcdf-atls00-a562cefde8a29a7288fa0b8b7f9413f7-x_PI1O.nc'
grib_to_netcdf: NetCDF library version: 4.3.0 of Nov 24 2016 09:46:40 $
grib_to_netcdf: Creating large (64 bit) file format.
grib_to_netcdf: Defining variable 'v'.
grib_to_netcdf: Done.
Process '['nice', 'grib_to_netcdf', '/data/data04/scratch/_mars-atls20-a562cefde8a29a7288fa0b8b7f9413f7-w_qzc6.grib', '-o', '/data/data04/scratch/_grib2netcdf-atls00-a562cefde8a29a7288fa0b8b7f9413f7-x_PI1O.nc', '-utime']' finished
2017-05-12 16:08:50 Request is complete
2017-05-12 16:08:50 Transfering 3.81641 Kbytes into vpl.nc
2017-05-12 16:08:50 From http://stream.ecmwf.int/data/atls00/data/data04/scratch/_grib2netcdf-atls00-a562cefde8a29a7288fa0b8b7f9413f7-x_PI1O.nc
2017-05-12 16:08:50 Transfer rate 33.1032 Kbytes/s
Loading required package: ncdf4
Loading required package: raster
Loading required package: methods
Loading required package: sp
Loading required package: Hmisc
Loading required package: lattice
Loading required package: survival
Loading required package: Formula
Loading required package: ggplot2

Attaching package: Hmisc

The following objects are masked from package:raster:

    mask, zoom

The following objects are masked from package:base:

    format.pval, round.POSIXt, trunc.POSIXt, units

Loading required package: raster
Loading required package: methods
Loading required package: sp
Loading required package: raster
Loading required package: methods
Loading required package: sp
ERA-Grid cells=  9
Loading required package: rgdal
Loading required package: methods
Loading required package: sp
rgdal: version: 1.2-7, (SVN revision 660)
 Geospatial Data Abstraction Library extensions to R successfully loaded
 Loaded GDAL runtime: GDAL 1.11.3, released 2015/09/16
 Path to GDAL shared files: /usr/share/gdal/1.11
 Loaded PROJ.4 runtime: Rel. 4.9.2, 08 September 2015, [PJ_VERSION: 492]
 Path to PROJ.4 shared files: (autodetected)
 Linking to sp version: 1.2-4 
Loading required package: raster
[1] "Running TOPOSUB on 10 samples"
[1] "asp.tif"     "ele.tif"     "slp.tif"     "surface.tif"
Warning messages:
1: Quick-TRANSfer stage steps exceeded maximum (= 4987650) 
2: Quick-TRANSfer stage steps exceeded maximum (= 4987650) 
3: Quick-TRANSfer stage steps exceeded maximum (= 4987650) 
          used (Mb) gc trigger  (Mb) max used  (Mb)
Ncells 1222009 65.3    2164898 115.7  2164898 115.7
Vcells 6983428 53.3   16187218 123.5 16145777 123.2
Warning message:
Quick-TRANSfer stage steps exceeded maximum (= 40320200) 
           used  (Mb) gc trigger  (Mb) max used  (Mb)
Ncells  1928935 103.1    3205452 171.2  2164898 115.7
Vcells 12376648  94.5   37078994 282.9 33900983 258.7
           used  (Mb) gc trigger  (Mb) max used  (Mb)
Ncells  1928942 103.1    3205452 171.2  2164898 115.7
Vcells 12376649  94.5   37078994 282.9 33900983 258.7
null device 
          1 
null device 
          1 
[1] "TOPOSUB COMPLETE!"
Loading required package: rgdal
Loading required package: methods
Loading required package: sp
rgdal: version: 1.2-7, (SVN revision 660)
 Geospatial Data Abstraction Library extensions to R successfully loaded
 Loaded GDAL runtime: GDAL 1.11.3, released 2015/09/16
 Path to GDAL shared files: /usr/share/gdal/1.11
 Loaded PROJ.4 runtime: Rel. 4.9.2, 08 September 2015, [PJ_VERSION: 492]
 Path to PROJ.4 shared files: (autodetected)
 Linking to sp version: 1.2-4 
Loading required package: raster
[1] "Running TOPOSUB on 10 samples"
[1] "asp.tif"     "ele.tif"     "slp.tif"     "surface.tif"
Warning messages:
1: Quick-TRANSfer stage steps exceeded maximum (= 4994050) 
2: Quick-TRANSfer stage steps exceeded maximum (= 4994050) 
          used (Mb) gc trigger  (Mb) max used  (Mb)
Ncells 1222137 65.3    2164898 115.7  2164898 115.7
Vcells 6994532 53.4   16215180 123.8 16193694 123.6
Warning message:
Quick-TRANSfer stage steps exceeded maximum (= 40454900) 
           used  (Mb) gc trigger  (Mb) max used  (Mb)
Ncells  1931629 103.2    3205452 171.2  2164898 115.7
Vcells 12401363  94.7   37178927 283.7 33995037 259.4
           used  (Mb) gc trigger  (Mb) max used  (Mb)
Ncells  1931636 103.2    3205452 171.2  2164898 115.7
Vcells 12401364  94.7   37178927 283.7 33995037 259.4
null device 
          1 
null device 
          1 
[1] "TOPOSUB COMPLETE!"
Loading required package: rgdal
Loading required package: methods
Loading required package: sp
rgdal: version: 1.2-7, (SVN revision 660)
 Geospatial Data Abstraction Library extensions to R successfully loaded
 Loaded GDAL runtime: GDAL 1.11.3, released 2015/09/16
 Path to GDAL shared files: /usr/share/gdal/1.11
 Loaded PROJ.4 runtime: Rel. 4.9.2, 08 September 2015, [PJ_VERSION: 492]
 Path to PROJ.4 shared files: (autodetected)
 Linking to sp version: 1.2-4 
Loading required package: raster
[1] "Running TOPOSUB on 10 samples"
[1] "asp.tif"     "ele.tif"     "slp.tif"     "surface.tif"
Warning messages:
1: Quick-TRANSfer stage steps exceeded maximum (= 4988000) 
2: Quick-TRANSfer stage steps exceeded maximum (= 4988000) 
          used (Mb) gc trigger  (Mb) max used  (Mb)
Ncells 1222016 65.3    2164898 115.7  2164898 115.7
Vcells 6983441 53.3   16187218 123.5 16142646 123.2
           used  (Mb) gc trigger  (Mb) max used  (Mb)
Ncells  1928935 103.1    3205452 171.2  2164898 115.7
Vcells 12376650  94.5   37078871 282.9 33900879 258.7
           used  (Mb) gc trigger  (Mb) max used  (Mb)
Ncells  1928942 103.1    3205452 171.2  2164898 115.7
Vcells 12376651  94.5   37078871 282.9 33900879 258.7
null device 
          1 
null device 
          1 
[1] "TOPOSUB COMPLETE!"
Loading required package: rgdal
Loading required package: methods
Loading required package: sp
rgdal: version: 1.2-7, (SVN revision 660)
 Geospatial Data Abstraction Library extensions to R successfully loaded
 Loaded GDAL runtime: GDAL 1.11.3, released 2015/09/16
 Path to GDAL shared files: /usr/share/gdal/1.11
 Loaded PROJ.4 runtime: Rel. 4.9.2, 08 September 2015, [PJ_VERSION: 492]
 Path to PROJ.4 shared files: (autodetected)
 Linking to sp version: 1.2-4 
Loading required package: raster
[1] "Running TOPOSUB on 10 samples"
[1] "asp.tif"     "ele.tif"     "slp.tif"     "surface.tif"
Warning messages:
1: Quick-TRANSfer stage steps exceeded maximum (= 4994750) 
2: Quick-TRANSfer stage steps exceeded maximum (= 4994750) 
3: Quick-TRANSfer stage steps exceeded maximum (= 4994750) 
4: Quick-TRANSfer stage steps exceeded maximum (= 4994750) 
          used (Mb) gc trigger  (Mb) max used  (Mb)
Ncells 1222151 65.3    2164898 115.7  2164898 115.7
Vcells 6994571 53.4   16215182 123.8 16203815 123.7
           used  (Mb) gc trigger  (Mb) max used  (Mb)
Ncells  1931619 103.2    3205452 171.2  2164898 115.7
Vcells 12401359  94.7   37178828 283.7 33994952 259.4
           used  (Mb) gc trigger  (Mb) max used  (Mb)
Ncells  1931626 103.2    3205452 171.2  2164898 115.7
Vcells 12401360  94.7   37178828 283.7 33994952 259.4
null device 
          1 
null device 
          1 
[1] "TOPOSUB COMPLETE!"
Loading required package: rgdal
Loading required package: methods
Loading required package: sp
rgdal: version: 1.2-7, (SVN revision 660)
 Geospatial Data Abstraction Library extensions to R successfully loaded
 Loaded GDAL runtime: GDAL 1.11.3, released 2015/09/16
 Path to GDAL shared files: /usr/share/gdal/1.11
 Loaded PROJ.4 runtime: Rel. 4.9.2, 08 September 2015, [PJ_VERSION: 492]
 Path to PROJ.4 shared files: (autodetected)
 Linking to sp version: 1.2-4 
Loading required package: raster
[1] "Running TOPOSUB on 10 samples"
[1] "asp.tif"     "ele.tif"     "slp.tif"     "surface.tif"
          used (Mb) gc trigger  (Mb) max used  (Mb)
Ncells 1222176 65.3    2164898 115.7  1770749  94.6
Vcells 7005467 53.5   16243206 124.0 15905370 121.4
           used  (Mb) gc trigger  (Mb) max used  (Mb)
Ncells  1934241 103.3    3205452 171.2  1935650 103.4
Vcells 12425958  94.9   36791735 280.7 33683187 257.0
           used  (Mb) gc trigger  (Mb) max used  (Mb)
Ncells  1934248 103.3    3205452 171.2  1935650 103.4
Vcells 12425959  94.9   36791735 280.7 33683187 257.0
null device 
          1 
null device 
          1 
[1] "TOPOSUB COMPLETE!"
Loading required package: rgdal
Loading required package: methods
Loading required package: sp
rgdal: version: 1.2-7, (SVN revision 660)
 Geospatial Data Abstraction Library extensions to R successfully loaded
 Loaded GDAL runtime: GDAL 1.11.3, released 2015/09/16
 Path to GDAL shared files: /usr/share/gdal/1.11
 Loaded PROJ.4 runtime: Rel. 4.9.2, 08 September 2015, [PJ_VERSION: 492]
 Path to PROJ.4 shared files: (autodetected)
 Linking to sp version: 1.2-4 
Loading required package: raster
[1] "Running TOPOSUB on 10 samples"
[1] "asp.tif"     "ele.tif"     "slp.tif"     "surface.tif"
Warning message:
Quick-TRANSfer stage steps exceeded maximum (= 4994200) 
          used (Mb) gc trigger  (Mb) max used  (Mb)
Ncells 1222140 65.3    2164898 115.7  2164898 115.7
Vcells 6994537 53.4   16215182 123.8 16166886 123.4
Warning message:
Quick-TRANSfer stage steps exceeded maximum (= 40454900) 
           used  (Mb) gc trigger  (Mb) max used  (Mb)
Ncells  1931618 103.2    3205452 171.2  2164898 115.7
Vcells 12401352  94.7   37178930 283.7 33995039 259.4
           used  (Mb) gc trigger  (Mb) max used  (Mb)
Ncells  1931625 103.2    3205452 171.2  2164898 115.7
Vcells 12401353  94.7   37178930 283.7 33995039 259.4
null device 
          1 
null device 
          1 
[1] "TOPOSUB COMPLETE!"
Loading required package: rgdal
Loading required package: methods
Loading required package: sp
rgdal: version: 1.2-7, (SVN revision 660)
 Geospatial Data Abstraction Library extensions to R successfully loaded
 Loaded GDAL runtime: GDAL 1.11.3, released 2015/09/16
 Path to GDAL shared files: /usr/share/gdal/1.11
 Loaded PROJ.4 runtime: Rel. 4.9.2, 08 September 2015, [PJ_VERSION: 492]
 Path to PROJ.4 shared files: (autodetected)
 Linking to sp version: 1.2-4 
Loading required package: raster
[1] "Running TOPOSUB on 10 samples"
[1] "asp.tif"     "ele.tif"     "slp.tif"     "surface.tif"
Warning message:
Quick-TRANSfer stage steps exceeded maximum (= 4988800) 
          used (Mb) gc trigger  (Mb) max used  (Mb)
Ncells 1222032 65.3    2164898 115.7  2164898 115.7
Vcells 6983479 53.3   16187219 123.5 16110091 123.0
           used  (Mb) gc trigger  (Mb) max used  (Mb)
Ncells  1928925 103.1    3205452 171.2  2164898 115.7
Vcells 12376638  94.5   37078898 282.9 33900901 258.7
           used  (Mb) gc trigger  (Mb) max used  (Mb)
Ncells  1928932 103.1    3205452 171.2  2164898 115.7
Vcells 12376639  94.5   37078898 282.9 33900901 258.7
null device 
          1 
null device 
          1 
[1] "TOPOSUB COMPLETE!"
Loading required package: rgdal
Loading required package: methods
Loading required package: sp
rgdal: version: 1.2-7, (SVN revision 660)
 Geospatial Data Abstraction Library extensions to R successfully loaded
 Loaded GDAL runtime: GDAL 1.11.3, released 2015/09/16
 Path to GDAL shared files: /usr/share/gdal/1.11
 Loaded PROJ.4 runtime: Rel. 4.9.2, 08 September 2015, [PJ_VERSION: 492]
 Path to PROJ.4 shared files: (autodetected)
 Linking to sp version: 1.2-4 
Loading required package: raster
[1] "Running TOPOSUB on 10 samples"
[1] "asp.tif"     "ele.tif"     "slp.tif"     "surface.tif"
Warning messages:
1: Quick-TRANSfer stage steps exceeded maximum (= 4994800) 
2: Quick-TRANSfer stage steps exceeded maximum (= 4994800) 
          used (Mb) gc trigger  (Mb) max used  (Mb)
Ncells 1222152 65.3    2164898 115.7  2164898 115.7
Vcells 6994569 53.4   16215182 123.8 16145751 123.2
           used  (Mb) gc trigger  (Mb) max used  (Mb)
Ncells  1931618 103.2    3205452 171.2  2164898 115.7
Vcells 12401354  94.7   36693366 280.0 33590401 256.3
           used  (Mb) gc trigger  (Mb) max used  (Mb)
Ncells  1931625 103.2    3205452 171.2  2164898 115.7
Vcells 12401355  94.7   36693366 280.0 33590401 256.3
null device 
          1 
null device 
          1 
[1] "TOPOSUB COMPLETE!"
Loading required package: rgdal
Loading required package: methods
Loading required package: sp
rgdal: version: 1.2-7, (SVN revision 660)
 Geospatial Data Abstraction Library extensions to R successfully loaded
 Loaded GDAL runtime: GDAL 1.11.3, released 2015/09/16
 Path to GDAL shared files: /usr/share/gdal/1.11
 Loaded PROJ.4 runtime: Rel. 4.9.2, 08 September 2015, [PJ_VERSION: 492]
 Path to PROJ.4 shared files: (autodetected)
 Linking to sp version: 1.2-4 
Loading required package: raster
[1] "Running TOPOSUB on 10 samples"
[1] "asp.tif"     "ele.tif"     "slp.tif"     "surface.tif"
Warning message:
Quick-TRANSfer stage steps exceeded maximum (= 4988750) 
          used (Mb) gc trigger  (Mb) max used  (Mb)
Ncells 1222031 65.3    2164898 115.7  2164898 115.7
Vcells 6983477 53.3   16187219 123.5 16162110 123.4
           used  (Mb) gc trigger  (Mb) max used  (Mb)
Ncells  1928924 103.1    3205452 171.2  2164898 115.7
Vcells 12376637  94.5   37078896 282.9 33900900 258.7
           used  (Mb) gc trigger  (Mb) max used  (Mb)
Ncells  1928931 103.1    3205452 171.2  2164898 115.7
Vcells 12376638  94.5   37078896 282.9 33900900 258.7
null device 
          1 
null device 
          1 
[1] "TOPOSUB COMPLETE!"
Loading required package: raster
Loading required package: methods
Loading required package: sp
